2020-09-27 17:23:24 [INFO ] c.sbs.example.lolHi.LolHiApplication - Starting LolHiApplication on SBS-88 with PID 10172 (C:\work\sts-4.4.0.RELEASE-workspace\lolHi\target\classes started by SBS- in C:\work\sts-4.4.0.RELEASE-workspace\lolHi)
2020-09-27 17:23:24 [INFO ] c.sbs.example.lolHi.LolHiApplication - The following profiles are active: local
2020-09-27 17:23:24 [INFO ] o.s.b.d.e.DevToolsPropertyDefaultsPostProcessor - Devtools property defaults active! Set 'spring.devtools.add-properties' to 'false' to disable
2020-09-27 17:23:24 [INFO ] o.s.b.d.e.DevToolsPropertyDefaultsPostProcessor - For additional web related logging consider setting the 'logging.level.web' property to 'DEBUG'
2020-09-27 17:23:25 [WARN ] o.m.s.mapper.ClassPathMapperScanner - No MyBatis mapper was found in '[com.sbs.example.lolHi]' package. Please check your configuration.
2020-09-27 17:23:25 [INFO ] o.s.b.w.e.tomcat.TomcatWebServer - Tomcat initialized with port(s): 8085 (http)
2020-09-27 17:23:25 [INFO ] o.a.coyote.http11.Http11NioProtocol - Initializing ProtocolHandler ["http-nio-8085"]
2020-09-27 17:23:25 [INFO ] o.a.catalina.core.StandardService - Starting service [Tomcat]
2020-09-27 17:23:25 [INFO ] o.a.catalina.core.StandardEngine - Starting Servlet engine: [Apache Tomcat/9.0.38]
2020-09-27 17:23:25 [INFO ] org.apache.jasper.servlet.TldScanner - At least one JAR was scanned for TLDs yet contained no TLDs. Enable debug logging for this logger for a complete list of JARs that were scanned but no TLDs were found in them. Skipping unneeded JARs during scanning can improve startup time and JSP compilation time.
2020-09-27 17:23:25 [INFO ] o.a.c.c.C.[Tomcat].[localhost].[/] - Initializing Spring embedded WebApplicationContext
2020-09-27 17:23:25 [INFO ] o.s.b.w.s.c.ServletWebServerApplicationContext - Root WebApplicationContext: initialization completed in 957 ms
2020-09-27 17:23:26 [INFO ] o.s.s.c.ThreadPoolTaskExecutor - Initializing ExecutorService 'applicationTaskExecutor'
2020-09-27 17:23:26 [INFO ] o.s.b.d.a.OptionalLiveReloadServer - LiveReload server is running on port 35729
2020-09-27 17:23:26 [INFO ] o.a.coyote.http11.Http11NioProtocol - Starting ProtocolHandler ["http-nio-8085"]
2020-09-27 17:23:26 [INFO ] o.s.b.w.e.tomcat.TomcatWebServer - Tomcat started on port(s): 8085 (http) with context path ''
2020-09-27 17:23:26 [INFO ] c.sbs.example.lolHi.LolHiApplication - Started LolHiApplication in 1.714 seconds (JVM running for 2.332)
2020-09-27 17:23:47 [INFO ] o.a.c.c.C.[Tomcat].[localhost].[/] - Initializing Spring DispatcherServlet 'dispatcherServlet'
2020-09-27 17:23:47 [INFO ] o.s.web.servlet.DispatcherServlet - Initializing Servlet 'dispatcherServlet'
2020-09-27 17:23:47 [INFO ] o.s.web.servlet.DispatcherServlet - Completed initialization in 7 ms
2020-09-27 17:31:00 [INFO ] o.s.s.c.ThreadPoolTaskExecutor - Shutting down ExecutorService 'applicationTaskExecutor'
2020-09-27 17:31:00 [INFO ] c.sbs.example.lolHi.LolHiApplication - Starting LolHiApplication on SBS-88 with PID 10172 (C:\work\sts-4.4.0.RELEASE-workspace\lolHi\target\classes started by SBS- in C:\work\sts-4.4.0.RELEASE-workspace\lolHi)
2020-09-27 17:31:00 [INFO ] c.sbs.example.lolHi.LolHiApplication - The following profiles are active: local
2020-09-27 17:31:00 [WARN ] o.m.s.mapper.ClassPathMapperScanner - No MyBatis mapper was found in '[com.sbs.example.lolHi]' package. Please check your configuration.
2020-09-27 17:31:01 [INFO ] o.s.b.w.e.tomcat.TomcatWebServer - Tomcat initialized with port(s): 8085 (http)
2020-09-27 17:31:01 [INFO ] o.a.coyote.http11.Http11NioProtocol - Initializing ProtocolHandler ["http-nio-8085"]
2020-09-27 17:31:01 [INFO ] o.a.catalina.core.StandardService - Starting service [Tomcat]
2020-09-27 17:31:01 [INFO ] o.a.catalina.core.StandardEngine - Starting Servlet engine: [Apache Tomcat/9.0.38]
2020-09-27 17:31:01 [INFO ] org.apache.jasper.servlet.TldScanner - At least one JAR was scanned for TLDs yet contained no TLDs. Enable debug logging for this logger for a complete list of JARs that were scanned but no TLDs were found in them. Skipping unneeded JARs during scanning can improve startup time and JSP compilation time.
2020-09-27 17:31:01 [INFO ] o.a.c.c.C.[Tomcat].[localhost].[/] - Initializing Spring embedded WebApplicationContext
2020-09-27 17:31:01 [INFO ] o.s.b.w.s.c.ServletWebServerApplicationContext - Root WebApplicationContext: initialization completed in 255 ms
2020-09-27 17:31:01 [INFO ] o.s.s.c.ThreadPoolTaskExecutor - Initializing ExecutorService 'applicationTaskExecutor'
2020-09-27 17:31:01 [INFO ] o.s.b.d.a.OptionalLiveReloadServer - LiveReload server is running on port 35729
2020-09-27 17:31:01 [INFO ] o.a.coyote.http11.Http11NioProtocol - Starting ProtocolHandler ["http-nio-8085"]
2020-09-27 17:31:01 [INFO ] o.s.b.w.e.tomcat.TomcatWebServer - Tomcat started on port(s): 8085 (http) with context path ''
2020-09-27 17:31:01 [INFO ] c.sbs.example.lolHi.LolHiApplication - Started LolHiApplication in 0.409 seconds (JVM running for 457.225)
2020-09-27 17:31:01 [INFO ] o.s.b.d.a.ConditionEvaluationDeltaLoggingListener - Condition evaluation unchanged
2020-09-27 17:31:05 [INFO ] o.a.c.c.C.[Tomcat].[localhost].[/] - Initializing Spring DispatcherServlet 'dispatcherServlet'
2020-09-27 17:31:05 [INFO ] o.s.web.servlet.DispatcherServlet - Initializing Servlet 'dispatcherServlet'
2020-09-27 17:31:05 [INFO ] o.s.web.servlet.DispatcherServlet - Completed initialization in 7 ms
2020-09-27 17:31:26 [INFO ] o.s.s.c.ThreadPoolTaskExecutor - Shutting down ExecutorService 'applicationTaskExecutor'
