2020-10-18 11:22:56 [INFO ] c.sbs.example.lolHi.LolHiApplication - Starting LolHiApplication on DESKTOP-S799PEG with PID 7612 (C:\work\sts-4.8.0.RELEASE-workspace\lolHi\target\classes started by user in C:\work\sts-4.8.0.RELEASE-workspace\lolHi)
2020-10-18 11:22:56 [INFO ] c.sbs.example.lolHi.LolHiApplication - The following profiles are active: local
2020-10-18 11:22:56 [INFO ] o.s.b.d.e.DevToolsPropertyDefaultsPostProcessor - Devtools property defaults active! Set 'spring.devtools.add-properties' to 'false' to disable
2020-10-18 11:22:56 [INFO ] o.s.b.d.e.DevToolsPropertyDefaultsPostProcessor - For additional web related logging consider setting the 'logging.level.web' property to 'DEBUG'
2020-10-18 11:22:57 [INFO ] o.s.b.w.e.tomcat.TomcatWebServer - Tomcat initialized with port(s): 8085 (http)
2020-10-18 11:22:57 [INFO ] o.a.coyote.http11.Http11NioProtocol - Initializing ProtocolHandler ["http-nio-8085"]
2020-10-18 11:22:57 [INFO ] o.a.catalina.core.StandardService - Starting service [Tomcat]
2020-10-18 11:22:57 [INFO ] o.a.catalina.core.StandardEngine - Starting Servlet engine: [Apache Tomcat/9.0.38]
2020-10-18 11:22:57 [INFO ] org.apache.jasper.servlet.TldScanner - At least one JAR was scanned for TLDs yet contained no TLDs. Enable debug logging for this logger for a complete list of JARs that were scanned but no TLDs were found in them. Skipping unneeded JARs during scanning can improve startup time and JSP compilation time.
2020-10-18 11:22:57 [INFO ] o.a.c.c.C.[Tomcat].[localhost].[/] - Initializing Spring embedded WebApplicationContext
2020-10-18 11:22:57 [INFO ] o.s.b.w.s.c.ServletWebServerApplicationContext - Root WebApplicationContext: initialization completed in 962 ms
2020-10-18 11:22:57 [INFO ] o.s.s.c.ThreadPoolTaskExecutor - Initializing ExecutorService 'applicationTaskExecutor'
2020-10-18 11:22:57 [INFO ] o.s.b.d.a.OptionalLiveReloadServer - LiveReload server is running on port 35729
2020-10-18 11:22:57 [INFO ] o.a.coyote.http11.Http11NioProtocol - Starting ProtocolHandler ["http-nio-8085"]
2020-10-18 11:22:57 [INFO ] o.s.b.w.e.tomcat.TomcatWebServer - Tomcat started on port(s): 8085 (http) with context path ''
2020-10-18 11:22:58 [INFO ] c.sbs.example.lolHi.LolHiApplication - Started LolHiApplication in 1.752 seconds (JVM running for 2.43)
2020-10-18 11:22:58 [INFO ] o.a.c.c.C.[Tomcat].[localhost].[/] - Initializing Spring DispatcherServlet 'dispatcherServlet'
2020-10-18 11:22:58 [INFO ] o.s.web.servlet.DispatcherServlet - Initializing Servlet 'dispatcherServlet'
2020-10-18 11:22:58 [INFO ] o.s.web.servlet.DispatcherServlet - Completed initialization in 4 ms
2020-10-18 11:22:58 [INFO ] com.zaxxer.hikari.HikariDataSource - HikariPool-1 - Starting...
2020-10-18 11:22:58 [INFO ] com.zaxxer.hikari.HikariDataSource - HikariPool-1 - Start completed.
2020-10-18 11:22:58 [DEBUG] jdbc.sqltiming -  com.zaxxer.hikari.pool.ProxyPreparedStatement.execute(ProxyPreparedStatement.java:44)
1. SELECT COUNT(*)
		FROM article
 {executed in 10 msec}
2020-10-18 11:22:58 [INFO ] jdbc.resultsettable - 
|---------|
|count(*) |
|---------|
|29       |
|---------|

2020-10-18 11:22:58 [DEBUG] jdbc.sqltiming -  com.zaxxer.hikari.pool.ProxyPreparedStatement.execute(ProxyPreparedStatement.java:44)
1. SELECT *
		FROM article
		ORDER BY id DESC

			LIMIT 0, 10
 {executed in 2 msec}
2020-10-18 11:22:58 [INFO ] jdbc.resultsettable - 
|---|--------------------|--------------------|------|-----|
|id |regdate             |updatedate          |title |body |
|---|--------------------|--------------------|------|-----|
|30 |2020-10-11 19:24:09 |2020-10-11 19:24:09 |제목    |내용   |
|29 |2020-10-11 19:24:08 |2020-10-11 19:24:08 |제목    |내용   |
|28 |2020-10-11 19:24:08 |2020-10-11 19:24:08 |제목    |내용   |
|27 |2020-10-11 19:24:07 |2020-10-11 19:24:07 |제목    |내용   |
|26 |2020-10-11 19:24:06 |2020-10-11 19:24:06 |제목    |내용   |
|25 |2020-10-11 19:24:05 |2020-10-11 19:24:05 |제목    |내용   |
|24 |2020-10-11 19:24:04 |2020-10-11 19:24:04 |제목    |내용   |
|23 |2020-10-11 19:24:03 |2020-10-11 19:24:03 |제목    |내용   |
|22 |2020-10-11 19:24:02 |2020-10-11 19:24:02 |제목    |내용   |
|21 |2020-10-11 19:24:01 |2020-10-11 19:24:01 |제목    |내용   |
|---|--------------------|--------------------|------|-----|

2020-10-18 11:23:02 [DEBUG] jdbc.sqltiming -  com.zaxxer.hikari.pool.ProxyPreparedStatement.execute(ProxyPreparedStatement.java:44)
1. SELECT COUNT(*)
		FROM article
 {executed in 1 msec}
2020-10-18 11:23:02 [INFO ] jdbc.resultsettable - 
|---------|
|count(*) |
|---------|
|29       |
|---------|

2020-10-18 11:23:02 [DEBUG] jdbc.sqltiming -  com.zaxxer.hikari.pool.ProxyPreparedStatement.execute(ProxyPreparedStatement.java:44)
1. SELECT *
		FROM article
		ORDER BY id DESC

			LIMIT 20, 10
 {executed in 1 msec}
2020-10-18 11:23:02 [INFO ] jdbc.resultsettable - 
|---|--------------------|--------------------|------|-----|
|id |regdate             |updatedate          |title |body |
|---|--------------------|--------------------|------|-----|
|10 |2020-10-11 19:23:46 |2020-10-11 19:23:46 |제목    |내용   |
|9  |2020-10-11 19:23:44 |2020-10-11 19:23:44 |제목    |내용   |
|8  |2020-10-11 19:23:37 |2020-10-11 19:23:37 |제목    |내용   |
|7  |2020-10-11 19:23:13 |2020-10-11 19:23:13 |제목    |내용   |
|6  |2020-10-11 19:23:10 |2020-10-11 19:23:10 |제목    |내용   |
|5  |2020-10-11 19:23:08 |2020-10-11 19:23:08 |제목    |내용   |
|4  |2020-10-11 19:23:05 |2020-10-11 19:23:05 |제목    |내용   |
|3  |2020-10-11 19:22:53 |2020-10-11 19:22:53 |제목    |내용   |
|2  |2020-10-10 20:37:51 |2020-10-10 20:50:03 |제목2   |ㅎㅎㅎ  |
|---|--------------------|--------------------|------|-----|

2020-10-18 11:25:21 [INFO ] o.s.s.c.ThreadPoolTaskExecutor - Shutting down ExecutorService 'applicationTaskExecutor'
2020-10-18 11:25:21 [INFO ] com.zaxxer.hikari.HikariDataSource - HikariPool-1 - Shutdown initiated...
2020-10-18 11:25:21 [INFO ] com.zaxxer.hikari.HikariDataSource - HikariPool-1 - Shutdown completed.
2020-10-18 11:25:21 [INFO ] c.sbs.example.lolHi.LolHiApplication - Starting LolHiApplication on DESKTOP-S799PEG with PID 7612 (C:\work\sts-4.8.0.RELEASE-workspace\lolHi\target\classes started by user in C:\work\sts-4.8.0.RELEASE-workspace\lolHi)
2020-10-18 11:25:21 [INFO ] c.sbs.example.lolHi.LolHiApplication - The following profiles are active: local
2020-10-18 11:25:22 [INFO ] o.s.b.w.e.tomcat.TomcatWebServer - Tomcat initialized with port(s): 8085 (http)
2020-10-18 11:25:22 [INFO ] o.a.coyote.http11.Http11NioProtocol - Initializing ProtocolHandler ["http-nio-8085"]
2020-10-18 11:25:22 [INFO ] o.a.catalina.core.StandardService - Starting service [Tomcat]
2020-10-18 11:25:22 [INFO ] o.a.catalina.core.StandardEngine - Starting Servlet engine: [Apache Tomcat/9.0.38]
2020-10-18 11:25:22 [INFO ] org.apache.jasper.servlet.TldScanner - At least one JAR was scanned for TLDs yet contained no TLDs. Enable debug logging for this logger for a complete list of JARs that were scanned but no TLDs were found in them. Skipping unneeded JARs during scanning can improve startup time and JSP compilation time.
2020-10-18 11:25:22 [INFO ] o.a.c.c.C.[Tomcat].[localhost].[/] - Initializing Spring embedded WebApplicationContext
2020-10-18 11:25:22 [INFO ] o.s.b.w.s.c.ServletWebServerApplicationContext - Root WebApplicationContext: initialization completed in 240 ms
2020-10-18 11:25:22 [INFO ] o.s.s.c.ThreadPoolTaskExecutor - Initializing ExecutorService 'applicationTaskExecutor'
2020-10-18 11:25:22 [INFO ] o.s.b.d.a.OptionalLiveReloadServer - LiveReload server is running on port 35729
2020-10-18 11:25:22 [INFO ] o.a.coyote.http11.Http11NioProtocol - Starting ProtocolHandler ["http-nio-8085"]
2020-10-18 11:25:22 [INFO ] o.s.b.w.e.tomcat.TomcatWebServer - Tomcat started on port(s): 8085 (http) with context path ''
2020-10-18 11:25:22 [INFO ] c.sbs.example.lolHi.LolHiApplication - Started LolHiApplication in 0.404 seconds (JVM running for 146.766)
2020-10-18 11:25:22 [INFO ] o.s.b.d.a.ConditionEvaluationDeltaLoggingListener - Condition evaluation unchanged
2020-10-18 11:25:33 [INFO ] o.s.s.c.ThreadPoolTaskExecutor - Shutting down ExecutorService 'applicationTaskExecutor'
2020-10-18 11:25:33 [INFO ] c.sbs.example.lolHi.LolHiApplication - Starting LolHiApplication on DESKTOP-S799PEG with PID 7612 (C:\work\sts-4.8.0.RELEASE-workspace\lolHi\target\classes started by user in C:\work\sts-4.8.0.RELEASE-workspace\lolHi)
2020-10-18 11:25:33 [INFO ] c.sbs.example.lolHi.LolHiApplication - The following profiles are active: local
2020-10-18 11:25:34 [INFO ] o.s.b.w.e.tomcat.TomcatWebServer - Tomcat initialized with port(s): 8085 (http)
2020-10-18 11:25:34 [INFO ] o.a.coyote.http11.Http11NioProtocol - Initializing ProtocolHandler ["http-nio-8085"]
2020-10-18 11:25:34 [INFO ] o.a.catalina.core.StandardService - Starting service [Tomcat]
2020-10-18 11:25:34 [INFO ] o.a.catalina.core.StandardEngine - Starting Servlet engine: [Apache Tomcat/9.0.38]
2020-10-18 11:25:34 [INFO ] org.apache.jasper.servlet.TldScanner - At least one JAR was scanned for TLDs yet contained no TLDs. Enable debug logging for this logger for a complete list of JARs that were scanned but no TLDs were found in them. Skipping unneeded JARs during scanning can improve startup time and JSP compilation time.
2020-10-18 11:25:34 [INFO ] o.a.c.c.C.[Tomcat].[localhost].[/] - Initializing Spring embedded WebApplicationContext
2020-10-18 11:25:34 [INFO ] o.s.b.w.s.c.ServletWebServerApplicationContext - Root WebApplicationContext: initialization completed in 236 ms
2020-10-18 11:25:34 [INFO ] o.s.s.c.ThreadPoolTaskExecutor - Initializing ExecutorService 'applicationTaskExecutor'
2020-10-18 11:25:34 [INFO ] o.s.b.d.a.OptionalLiveReloadServer - LiveReload server is running on port 35729
2020-10-18 11:25:34 [INFO ] o.a.coyote.http11.Http11NioProtocol - Starting ProtocolHandler ["http-nio-8085"]
2020-10-18 11:25:34 [INFO ] o.s.b.w.e.tomcat.TomcatWebServer - Tomcat started on port(s): 8085 (http) with context path ''
2020-10-18 11:25:34 [INFO ] c.sbs.example.lolHi.LolHiApplication - Started LolHiApplication in 0.412 seconds (JVM running for 158.697)
2020-10-18 11:25:34 [INFO ] o.s.b.d.a.ConditionEvaluationDeltaLoggingListener - Condition evaluation unchanged
2020-10-18 11:25:47 [INFO ] o.s.s.c.ThreadPoolTaskExecutor - Shutting down ExecutorService 'applicationTaskExecutor'
2020-10-18 11:25:47 [INFO ] c.sbs.example.lolHi.LolHiApplication - Starting LolHiApplication on DESKTOP-S799PEG with PID 7612 (C:\work\sts-4.8.0.RELEASE-workspace\lolHi\target\classes started by user in C:\work\sts-4.8.0.RELEASE-workspace\lolHi)
2020-10-18 11:25:47 [INFO ] c.sbs.example.lolHi.LolHiApplication - The following profiles are active: local
2020-10-18 11:25:47 [INFO ] o.s.b.w.e.tomcat.TomcatWebServer - Tomcat initialized with port(s): 8085 (http)
2020-10-18 11:25:47 [INFO ] o.a.coyote.http11.Http11NioProtocol - Initializing ProtocolHandler ["http-nio-8085"]
2020-10-18 11:25:47 [INFO ] o.a.catalina.core.StandardService - Starting service [Tomcat]
2020-10-18 11:25:47 [INFO ] o.a.catalina.core.StandardEngine - Starting Servlet engine: [Apache Tomcat/9.0.38]
2020-10-18 11:25:48 [INFO ] org.apache.jasper.servlet.TldScanner - At least one JAR was scanned for TLDs yet contained no TLDs. Enable debug logging for this logger for a complete list of JARs that were scanned but no TLDs were found in them. Skipping unneeded JARs during scanning can improve startup time and JSP compilation time.
2020-10-18 11:25:48 [INFO ] o.a.c.c.C.[Tomcat].[localhost].[/] - Initializing Spring embedded WebApplicationContext
2020-10-18 11:25:48 [INFO ] o.s.b.w.s.c.ServletWebServerApplicationContext - Root WebApplicationContext: initialization completed in 218 ms
2020-10-18 11:25:48 [INFO ] o.s.s.c.ThreadPoolTaskExecutor - Initializing ExecutorService 'applicationTaskExecutor'
2020-10-18 11:25:48 [INFO ] o.s.b.d.a.OptionalLiveReloadServer - LiveReload server is running on port 35729
2020-10-18 11:25:48 [INFO ] o.a.coyote.http11.Http11NioProtocol - Starting ProtocolHandler ["http-nio-8085"]
2020-10-18 11:25:48 [INFO ] o.s.b.w.e.tomcat.TomcatWebServer - Tomcat started on port(s): 8085 (http) with context path ''
2020-10-18 11:25:48 [INFO ] c.sbs.example.lolHi.LolHiApplication - Started LolHiApplication in 0.366 seconds (JVM running for 172.582)
2020-10-18 11:25:48 [INFO ] o.s.b.d.a.ConditionEvaluationDeltaLoggingListener - Condition evaluation unchanged
2020-10-18 11:27:13 [INFO ] c.sbs.example.lolHi.LolHiApplication - Starting LolHiApplication on DESKTOP-S799PEG with PID 9876 (C:\work\sts-4.8.0.RELEASE-workspace\lolHi\target\classes started by user in C:\work\sts-4.8.0.RELEASE-workspace\lolHi)
2020-10-18 11:27:13 [INFO ] c.sbs.example.lolHi.LolHiApplication - The following profiles are active: local
2020-10-18 11:27:13 [INFO ] o.s.b.d.e.DevToolsPropertyDefaultsPostProcessor - Devtools property defaults active! Set 'spring.devtools.add-properties' to 'false' to disable
2020-10-18 11:27:13 [INFO ] o.s.b.d.e.DevToolsPropertyDefaultsPostProcessor - For additional web related logging consider setting the 'logging.level.web' property to 'DEBUG'
2020-10-18 11:27:14 [INFO ] o.s.b.w.e.tomcat.TomcatWebServer - Tomcat initialized with port(s): 8085 (http)
2020-10-18 11:27:14 [INFO ] o.a.coyote.http11.Http11NioProtocol - Initializing ProtocolHandler ["http-nio-8085"]
2020-10-18 11:27:14 [INFO ] o.a.catalina.core.StandardService - Starting service [Tomcat]
2020-10-18 11:27:14 [INFO ] o.a.catalina.core.StandardEngine - Starting Servlet engine: [Apache Tomcat/9.0.38]
2020-10-18 11:27:14 [INFO ] org.apache.jasper.servlet.TldScanner - At least one JAR was scanned for TLDs yet contained no TLDs. Enable debug logging for this logger for a complete list of JARs that were scanned but no TLDs were found in them. Skipping unneeded JARs during scanning can improve startup time and JSP compilation time.
2020-10-18 11:27:14 [INFO ] o.a.c.c.C.[Tomcat].[localhost].[/] - Initializing Spring embedded WebApplicationContext
2020-10-18 11:27:14 [INFO ] o.s.b.w.s.c.ServletWebServerApplicationContext - Root WebApplicationContext: initialization completed in 944 ms
2020-10-18 11:27:14 [INFO ] o.s.s.c.ThreadPoolTaskExecutor - Initializing ExecutorService 'applicationTaskExecutor'
2020-10-18 11:27:14 [WARN ] o.s.b.d.a.OptionalLiveReloadServer - Unable to start LiveReload server
2020-10-18 11:27:14 [INFO ] o.a.coyote.http11.Http11NioProtocol - Starting ProtocolHandler ["http-nio-8085"]
2020-10-18 11:27:14 [WARN ] o.s.b.w.s.c.AnnotationConfigServletWebServerApplicationContext - Exception encountered during context initialization - cancelling refresh attempt: org.springframework.context.ApplicationContextException: Failed to start bean 'webServerStartStop'; nested exception is org.springframework.boot.web.server.PortInUseException: Port 8085 is already in use
2020-10-18 11:27:14 [INFO ] o.s.s.c.ThreadPoolTaskExecutor - Shutting down ExecutorService 'applicationTaskExecutor'
2020-10-18 11:27:14 [INFO ] o.a.coyote.http11.Http11NioProtocol - Pausing ProtocolHandler ["http-nio-8085"]
2020-10-18 11:27:14 [INFO ] o.a.catalina.core.StandardService - Stopping service [Tomcat]
2020-10-18 11:27:14 [INFO ] o.a.coyote.http11.Http11NioProtocol - Stopping ProtocolHandler ["http-nio-8085"]
2020-10-18 11:27:14 [INFO ] o.a.coyote.http11.Http11NioProtocol - Destroying ProtocolHandler ["http-nio-8085"]
2020-10-18 11:27:14 [INFO ] o.s.b.a.l.ConditionEvaluationReportLoggingListener - 

Error starting ApplicationContext. To display the conditions report re-run your application with 'debug' enabled.
2020-10-18 11:27:14 [ERROR] o.s.b.d.LoggingFailureAnalysisReporter - 

***************************
APPLICATION FAILED TO START
***************************

Description:

Web server failed to start. Port 8085 was already in use.

Action:

Identify and stop the process that's listening on port 8085 or configure this application to listen on another port.

2020-10-18 11:27:16 [INFO ] o.a.c.c.C.[Tomcat].[localhost].[/] - Initializing Spring DispatcherServlet 'dispatcherServlet'
2020-10-18 11:27:16 [INFO ] o.s.web.servlet.DispatcherServlet - Initializing Servlet 'dispatcherServlet'
2020-10-18 11:27:16 [INFO ] o.s.web.servlet.DispatcherServlet - Completed initialization in 1 ms
2020-10-18 11:27:16 [INFO ] com.zaxxer.hikari.HikariDataSource - HikariPool-2 - Starting...
2020-10-18 11:27:16 [INFO ] com.zaxxer.hikari.HikariDataSource - HikariPool-2 - Start completed.
2020-10-18 11:27:16 [DEBUG] jdbc.sqltiming -  com.zaxxer.hikari.pool.ProxyPreparedStatement.execute(ProxyPreparedStatement.java:44)
11. SELECT COUNT(*)
		FROM article
 {executed in 1 msec}
2020-10-18 11:27:16 [INFO ] jdbc.resultsettable - 
|---------|
|count(*) |
|---------|
|29       |
|---------|

2020-10-18 11:27:16 [DEBUG] jdbc.sqltiming -  com.zaxxer.hikari.pool.ProxyPreparedStatement.execute(ProxyPreparedStatement.java:44)
11. SELECT *
		FROM article
		ORDER BY id DESC

			LIMIT 20, 10
 {executed in 1 msec}
2020-10-18 11:27:16 [INFO ] jdbc.resultsettable - 
|---|--------------------|--------------------|------|-----|
|id |regdate             |updatedate          |title |body |
|---|--------------------|--------------------|------|-----|
|10 |2020-10-11 19:23:46 |2020-10-11 19:23:46 |제목    |내용   |
|9  |2020-10-11 19:23:44 |2020-10-11 19:23:44 |제목    |내용   |
|8  |2020-10-11 19:23:37 |2020-10-11 19:23:37 |제목    |내용   |
|7  |2020-10-11 19:23:13 |2020-10-11 19:23:13 |제목    |내용   |
|6  |2020-10-11 19:23:10 |2020-10-11 19:23:10 |제목    |내용   |
|5  |2020-10-11 19:23:08 |2020-10-11 19:23:08 |제목    |내용   |
|4  |2020-10-11 19:23:05 |2020-10-11 19:23:05 |제목    |내용   |
|3  |2020-10-11 19:22:53 |2020-10-11 19:22:53 |제목    |내용   |
|2  |2020-10-10 20:37:51 |2020-10-10 20:50:03 |제목2   |ㅎㅎㅎ  |
|---|--------------------|--------------------|------|-----|

2020-10-18 11:27:18 [DEBUG] jdbc.sqltiming -  com.zaxxer.hikari.pool.ProxyPreparedStatement.execute(ProxyPreparedStatement.java:44)
11. SELECT COUNT(*)
		FROM article
 {executed in 3 msec}
2020-10-18 11:27:18 [INFO ] jdbc.resultsettable - 
|---------|
|count(*) |
|---------|
|29       |
|---------|

2020-10-18 11:27:18 [DEBUG] jdbc.sqltiming -  com.zaxxer.hikari.pool.ProxyPreparedStatement.execute(ProxyPreparedStatement.java:44)
11. SELECT *
		FROM article
		ORDER BY id DESC

			LIMIT 10, 10
 {executed in 1 msec}
2020-10-18 11:27:18 [INFO ] jdbc.resultsettable - 
|---|--------------------|--------------------|------|-----|
|id |regdate             |updatedate          |title |body |
|---|--------------------|--------------------|------|-----|
|20 |2020-10-11 19:24:00 |2020-10-11 19:24:00 |제목    |내용   |
|19 |2020-10-11 19:23:57 |2020-10-11 19:23:57 |제목    |내용   |
|18 |2020-10-11 19:23:56 |2020-10-11 19:23:56 |제목    |내용   |
|17 |2020-10-11 19:23:55 |2020-10-11 19:23:55 |제목    |내용   |
|16 |2020-10-11 19:23:54 |2020-10-11 19:23:54 |제목    |내용   |
|15 |2020-10-11 19:23:53 |2020-10-11 19:23:53 |제목    |내용   |
|14 |2020-10-11 19:23:52 |2020-10-11 19:23:52 |제목    |내용   |
|13 |2020-10-11 19:23:51 |2020-10-11 19:23:51 |제목    |내용   |
|12 |2020-10-11 19:23:50 |2020-10-11 19:23:50 |제목    |내용   |
|11 |2020-10-11 19:23:48 |2020-10-11 19:23:48 |제목    |내용   |
|---|--------------------|--------------------|------|-----|

2020-10-18 11:29:30 [INFO ] o.s.s.c.ThreadPoolTaskExecutor - Shutting down ExecutorService 'applicationTaskExecutor'
2020-10-18 11:29:30 [INFO ] com.zaxxer.hikari.HikariDataSource - HikariPool-2 - Shutdown initiated...
2020-10-18 11:29:30 [INFO ] com.zaxxer.hikari.HikariDataSource - HikariPool-2 - Shutdown completed.
2020-10-18 11:29:30 [INFO ] c.sbs.example.lolHi.LolHiApplication - Starting LolHiApplication on DESKTOP-S799PEG with PID 7612 (C:\work\sts-4.8.0.RELEASE-workspace\lolHi\target\classes started by user in C:\work\sts-4.8.0.RELEASE-workspace\lolHi)
2020-10-18 11:29:30 [INFO ] c.sbs.example.lolHi.LolHiApplication - The following profiles are active: local
2020-10-18 11:29:30 [INFO ] o.s.b.w.e.tomcat.TomcatWebServer - Tomcat initialized with port(s): 8085 (http)
2020-10-18 11:29:30 [INFO ] o.a.coyote.http11.Http11NioProtocol - Initializing ProtocolHandler ["http-nio-8085"]
2020-10-18 11:29:30 [INFO ] o.a.catalina.core.StandardService - Starting service [Tomcat]
2020-10-18 11:29:30 [INFO ] o.a.catalina.core.StandardEngine - Starting Servlet engine: [Apache Tomcat/9.0.38]
2020-10-18 11:29:30 [INFO ] org.apache.jasper.servlet.TldScanner - At least one JAR was scanned for TLDs yet contained no TLDs. Enable debug logging for this logger for a complete list of JARs that were scanned but no TLDs were found in them. Skipping unneeded JARs during scanning can improve startup time and JSP compilation time.
2020-10-18 11:29:30 [INFO ] o.a.c.c.C.[Tomcat].[localhost].[/] - Initializing Spring embedded WebApplicationContext
2020-10-18 11:29:30 [INFO ] o.s.b.w.s.c.ServletWebServerApplicationContext - Root WebApplicationContext: initialization completed in 205 ms
2020-10-18 11:29:30 [INFO ] o.s.s.c.ThreadPoolTaskExecutor - Initializing ExecutorService 'applicationTaskExecutor'
2020-10-18 11:29:30 [INFO ] o.s.b.d.a.OptionalLiveReloadServer - LiveReload server is running on port 35729
2020-10-18 11:29:30 [INFO ] o.a.coyote.http11.Http11NioProtocol - Starting ProtocolHandler ["http-nio-8085"]
2020-10-18 11:29:30 [INFO ] o.s.b.w.e.tomcat.TomcatWebServer - Tomcat started on port(s): 8085 (http) with context path ''
2020-10-18 11:29:30 [INFO ] c.sbs.example.lolHi.LolHiApplication - Started LolHiApplication in 0.354 seconds (JVM running for 395.142)
2020-10-18 11:29:30 [INFO ] o.s.b.d.a.ConditionEvaluationDeltaLoggingListener - Condition evaluation unchanged
2020-10-18 11:29:42 [INFO ] o.s.s.c.ThreadPoolTaskExecutor - Shutting down ExecutorService 'applicationTaskExecutor'
2020-10-18 11:29:42 [INFO ] c.sbs.example.lolHi.LolHiApplication - Starting LolHiApplication on DESKTOP-S799PEG with PID 7612 (C:\work\sts-4.8.0.RELEASE-workspace\lolHi\target\classes started by user in C:\work\sts-4.8.0.RELEASE-workspace\lolHi)
2020-10-18 11:29:42 [INFO ] c.sbs.example.lolHi.LolHiApplication - The following profiles are active: local
2020-10-18 11:29:42 [INFO ] o.s.b.w.e.tomcat.TomcatWebServer - Tomcat initialized with port(s): 8085 (http)
2020-10-18 11:29:42 [INFO ] o.a.coyote.http11.Http11NioProtocol - Initializing ProtocolHandler ["http-nio-8085"]
2020-10-18 11:29:42 [INFO ] o.a.catalina.core.StandardService - Starting service [Tomcat]
2020-10-18 11:29:42 [INFO ] o.a.catalina.core.StandardEngine - Starting Servlet engine: [Apache Tomcat/9.0.38]
2020-10-18 11:29:42 [INFO ] org.apache.jasper.servlet.TldScanner - At least one JAR was scanned for TLDs yet contained no TLDs. Enable debug logging for this logger for a complete list of JARs that were scanned but no TLDs were found in them. Skipping unneeded JARs during scanning can improve startup time and JSP compilation time.
2020-10-18 11:29:42 [INFO ] o.a.c.c.C.[Tomcat].[localhost].[/] - Initializing Spring embedded WebApplicationContext
2020-10-18 11:29:42 [INFO ] o.s.b.w.s.c.ServletWebServerApplicationContext - Root WebApplicationContext: initialization completed in 208 ms
2020-10-18 11:29:42 [INFO ] o.s.s.c.ThreadPoolTaskExecutor - Initializing ExecutorService 'applicationTaskExecutor'
2020-10-18 11:29:42 [INFO ] o.s.b.d.a.OptionalLiveReloadServer - LiveReload server is running on port 35729
2020-10-18 11:29:42 [INFO ] o.a.coyote.http11.Http11NioProtocol - Starting ProtocolHandler ["http-nio-8085"]
2020-10-18 11:29:42 [INFO ] o.s.b.w.e.tomcat.TomcatWebServer - Tomcat started on port(s): 8085 (http) with context path ''
2020-10-18 11:29:42 [INFO ] c.sbs.example.lolHi.LolHiApplication - Started LolHiApplication in 0.346 seconds (JVM running for 407.009)
2020-10-18 11:29:42 [INFO ] o.s.b.d.a.ConditionEvaluationDeltaLoggingListener - Condition evaluation unchanged
2020-10-18 11:29:49 [INFO ] o.s.s.c.ThreadPoolTaskExecutor - Shutting down ExecutorService 'applicationTaskExecutor'
2020-10-18 11:29:49 [INFO ] c.sbs.example.lolHi.LolHiApplication - Starting LolHiApplication on DESKTOP-S799PEG with PID 7612 (C:\work\sts-4.8.0.RELEASE-workspace\lolHi\target\classes started by user in C:\work\sts-4.8.0.RELEASE-workspace\lolHi)
2020-10-18 11:29:49 [INFO ] c.sbs.example.lolHi.LolHiApplication - The following profiles are active: local
2020-10-18 11:29:49 [INFO ] o.s.b.w.e.tomcat.TomcatWebServer - Tomcat initialized with port(s): 8085 (http)
2020-10-18 11:29:49 [INFO ] o.a.coyote.http11.Http11NioProtocol - Initializing ProtocolHandler ["http-nio-8085"]
2020-10-18 11:29:49 [INFO ] o.a.catalina.core.StandardService - Starting service [Tomcat]
2020-10-18 11:29:49 [INFO ] o.a.catalina.core.StandardEngine - Starting Servlet engine: [Apache Tomcat/9.0.38]
2020-10-18 11:29:49 [INFO ] org.apache.jasper.servlet.TldScanner - At least one JAR was scanned for TLDs yet contained no TLDs. Enable debug logging for this logger for a complete list of JARs that were scanned but no TLDs were found in them. Skipping unneeded JARs during scanning can improve startup time and JSP compilation time.
2020-10-18 11:29:49 [INFO ] o.a.c.c.C.[Tomcat].[localhost].[/] - Initializing Spring embedded WebApplicationContext
2020-10-18 11:29:49 [INFO ] o.s.b.w.s.c.ServletWebServerApplicationContext - Root WebApplicationContext: initialization completed in 201 ms
2020-10-18 11:29:49 [INFO ] o.s.s.c.ThreadPoolTaskExecutor - Initializing ExecutorService 'applicationTaskExecutor'
2020-10-18 11:29:49 [INFO ] o.s.b.d.a.OptionalLiveReloadServer - LiveReload server is running on port 35729
2020-10-18 11:29:49 [INFO ] o.a.coyote.http11.Http11NioProtocol - Starting ProtocolHandler ["http-nio-8085"]
2020-10-18 11:29:49 [INFO ] o.s.b.w.e.tomcat.TomcatWebServer - Tomcat started on port(s): 8085 (http) with context path ''
2020-10-18 11:29:49 [INFO ] c.sbs.example.lolHi.LolHiApplication - Started LolHiApplication in 0.341 seconds (JVM running for 413.855)
2020-10-18 11:29:49 [INFO ] o.s.b.d.a.ConditionEvaluationDeltaLoggingListener - Condition evaluation unchanged
2020-10-18 11:30:01 [INFO ] o.s.s.c.ThreadPoolTaskExecutor - Shutting down ExecutorService 'applicationTaskExecutor'
2020-10-18 11:30:01 [INFO ] c.sbs.example.lolHi.LolHiApplication - Starting LolHiApplication on DESKTOP-S799PEG with PID 7612 (C:\work\sts-4.8.0.RELEASE-workspace\lolHi\target\classes started by user in C:\work\sts-4.8.0.RELEASE-workspace\lolHi)
2020-10-18 11:30:01 [INFO ] c.sbs.example.lolHi.LolHiApplication - The following profiles are active: local
2020-10-18 11:30:02 [INFO ] o.s.b.w.e.tomcat.TomcatWebServer - Tomcat initialized with port(s): 8085 (http)
2020-10-18 11:30:02 [INFO ] o.a.coyote.http11.Http11NioProtocol - Initializing ProtocolHandler ["http-nio-8085"]
2020-10-18 11:30:02 [INFO ] o.a.catalina.core.StandardService - Starting service [Tomcat]
2020-10-18 11:30:02 [INFO ] o.a.catalina.core.StandardEngine - Starting Servlet engine: [Apache Tomcat/9.0.38]
2020-10-18 11:30:02 [INFO ] org.apache.jasper.servlet.TldScanner - At least one JAR was scanned for TLDs yet contained no TLDs. Enable debug logging for this logger for a complete list of JARs that were scanned but no TLDs were found in them. Skipping unneeded JARs during scanning can improve startup time and JSP compilation time.
2020-10-18 11:30:02 [INFO ] o.a.c.c.C.[Tomcat].[localhost].[/] - Initializing Spring embedded WebApplicationContext
2020-10-18 11:30:02 [INFO ] o.s.b.w.s.c.ServletWebServerApplicationContext - Root WebApplicationContext: initialization completed in 203 ms
2020-10-18 11:30:02 [INFO ] o.s.s.c.ThreadPoolTaskExecutor - Initializing ExecutorService 'applicationTaskExecutor'
2020-10-18 11:30:02 [INFO ] o.s.b.d.a.OptionalLiveReloadServer - LiveReload server is running on port 35729
2020-10-18 11:30:02 [INFO ] o.a.coyote.http11.Http11NioProtocol - Starting ProtocolHandler ["http-nio-8085"]
2020-10-18 11:30:02 [INFO ] o.s.b.w.e.tomcat.TomcatWebServer - Tomcat started on port(s): 8085 (http) with context path ''
2020-10-18 11:30:02 [INFO ] c.sbs.example.lolHi.LolHiApplication - Started LolHiApplication in 0.344 seconds (JVM running for 426.719)
2020-10-18 11:30:02 [INFO ] o.s.b.d.a.ConditionEvaluationDeltaLoggingListener - Condition evaluation unchanged
2020-10-18 11:30:28 [INFO ] o.s.s.c.ThreadPoolTaskExecutor - Shutting down ExecutorService 'applicationTaskExecutor'
2020-10-18 11:30:28 [INFO ] c.sbs.example.lolHi.LolHiApplication - Starting LolHiApplication on DESKTOP-S799PEG with PID 7612 (C:\work\sts-4.8.0.RELEASE-workspace\lolHi\target\classes started by user in C:\work\sts-4.8.0.RELEASE-workspace\lolHi)
2020-10-18 11:30:28 [INFO ] c.sbs.example.lolHi.LolHiApplication - The following profiles are active: local
2020-10-18 11:30:29 [INFO ] o.s.b.w.e.tomcat.TomcatWebServer - Tomcat initialized with port(s): 8085 (http)
2020-10-18 11:30:29 [INFO ] o.a.coyote.http11.Http11NioProtocol - Initializing ProtocolHandler ["http-nio-8085"]
2020-10-18 11:30:29 [INFO ] o.a.catalina.core.StandardService - Starting service [Tomcat]
2020-10-18 11:30:29 [INFO ] o.a.catalina.core.StandardEngine - Starting Servlet engine: [Apache Tomcat/9.0.38]
2020-10-18 11:30:29 [INFO ] org.apache.jasper.servlet.TldScanner - At least one JAR was scanned for TLDs yet contained no TLDs. Enable debug logging for this logger for a complete list of JARs that were scanned but no TLDs were found in them. Skipping unneeded JARs during scanning can improve startup time and JSP compilation time.
2020-10-18 11:30:29 [INFO ] o.a.c.c.C.[Tomcat].[localhost].[/] - Initializing Spring embedded WebApplicationContext
2020-10-18 11:30:29 [INFO ] o.s.b.w.s.c.ServletWebServerApplicationContext - Root WebApplicationContext: initialization completed in 193 ms
2020-10-18 11:30:29 [INFO ] o.s.s.c.ThreadPoolTaskExecutor - Initializing ExecutorService 'applicationTaskExecutor'
2020-10-18 11:30:29 [INFO ] o.s.b.d.a.OptionalLiveReloadServer - LiveReload server is running on port 35729
2020-10-18 11:30:29 [INFO ] o.a.coyote.http11.Http11NioProtocol - Starting ProtocolHandler ["http-nio-8085"]
2020-10-18 11:30:29 [INFO ] o.s.b.w.e.tomcat.TomcatWebServer - Tomcat started on port(s): 8085 (http) with context path ''
2020-10-18 11:30:29 [INFO ] c.sbs.example.lolHi.LolHiApplication - Started LolHiApplication in 0.326 seconds (JVM running for 453.615)
2020-10-18 11:30:29 [INFO ] o.s.b.d.a.ConditionEvaluationDeltaLoggingListener - Condition evaluation unchanged
2020-10-18 11:30:36 [INFO ] o.s.s.c.ThreadPoolTaskExecutor - Shutting down ExecutorService 'applicationTaskExecutor'
2020-10-18 11:30:36 [INFO ] c.sbs.example.lolHi.LolHiApplication - Starting LolHiApplication on DESKTOP-S799PEG with PID 7612 (C:\work\sts-4.8.0.RELEASE-workspace\lolHi\target\classes started by user in C:\work\sts-4.8.0.RELEASE-workspace\lolHi)
2020-10-18 11:30:36 [INFO ] c.sbs.example.lolHi.LolHiApplication - The following profiles are active: local
2020-10-18 11:30:36 [INFO ] o.s.b.w.e.tomcat.TomcatWebServer - Tomcat initialized with port(s): 8085 (http)
2020-10-18 11:30:36 [INFO ] o.a.coyote.http11.Http11NioProtocol - Initializing ProtocolHandler ["http-nio-8085"]
2020-10-18 11:30:36 [INFO ] o.a.catalina.core.StandardService - Starting service [Tomcat]
2020-10-18 11:30:36 [INFO ] o.a.catalina.core.StandardEngine - Starting Servlet engine: [Apache Tomcat/9.0.38]
2020-10-18 11:30:36 [INFO ] org.apache.jasper.servlet.TldScanner - At least one JAR was scanned for TLDs yet contained no TLDs. Enable debug logging for this logger for a complete list of JARs that were scanned but no TLDs were found in them. Skipping unneeded JARs during scanning can improve startup time and JSP compilation time.
2020-10-18 11:30:36 [INFO ] o.a.c.c.C.[Tomcat].[localhost].[/] - Initializing Spring embedded WebApplicationContext
2020-10-18 11:30:36 [INFO ] o.s.b.w.s.c.ServletWebServerApplicationContext - Root WebApplicationContext: initialization completed in 193 ms
2020-10-18 11:30:36 [INFO ] o.s.s.c.ThreadPoolTaskExecutor - Initializing ExecutorService 'applicationTaskExecutor'
2020-10-18 11:30:37 [INFO ] o.s.b.d.a.OptionalLiveReloadServer - LiveReload server is running on port 35729
2020-10-18 11:30:37 [INFO ] o.a.coyote.http11.Http11NioProtocol - Starting ProtocolHandler ["http-nio-8085"]
2020-10-18 11:30:37 [INFO ] o.s.b.w.e.tomcat.TomcatWebServer - Tomcat started on port(s): 8085 (http) with context path ''
2020-10-18 11:30:37 [INFO ] c.sbs.example.lolHi.LolHiApplication - Started LolHiApplication in 0.327 seconds (JVM running for 461.445)
2020-10-18 11:30:37 [INFO ] o.s.b.d.a.ConditionEvaluationDeltaLoggingListener - Condition evaluation unchanged
2020-10-18 11:31:04 [INFO ] o.s.s.c.ThreadPoolTaskExecutor - Shutting down ExecutorService 'applicationTaskExecutor'
2020-10-18 11:31:04 [INFO ] c.sbs.example.lolHi.LolHiApplication - Starting LolHiApplication on DESKTOP-S799PEG with PID 7612 (C:\work\sts-4.8.0.RELEASE-workspace\lolHi\target\classes started by user in C:\work\sts-4.8.0.RELEASE-workspace\lolHi)
2020-10-18 11:31:04 [INFO ] c.sbs.example.lolHi.LolHiApplication - The following profiles are active: local
2020-10-18 11:31:04 [INFO ] o.s.b.w.e.tomcat.TomcatWebServer - Tomcat initialized with port(s): 8085 (http)
2020-10-18 11:31:04 [INFO ] o.a.coyote.http11.Http11NioProtocol - Initializing ProtocolHandler ["http-nio-8085"]
2020-10-18 11:31:04 [INFO ] o.a.catalina.core.StandardService - Starting service [Tomcat]
2020-10-18 11:31:04 [INFO ] o.a.catalina.core.StandardEngine - Starting Servlet engine: [Apache Tomcat/9.0.38]
2020-10-18 11:31:04 [INFO ] org.apache.jasper.servlet.TldScanner - At least one JAR was scanned for TLDs yet contained no TLDs. Enable debug logging for this logger for a complete list of JARs that were scanned but no TLDs were found in them. Skipping unneeded JARs during scanning can improve startup time and JSP compilation time.
2020-10-18 11:31:04 [INFO ] o.a.c.c.C.[Tomcat].[localhost].[/] - Initializing Spring embedded WebApplicationContext
2020-10-18 11:31:04 [INFO ] o.s.b.w.s.c.ServletWebServerApplicationContext - Root WebApplicationContext: initialization completed in 204 ms
2020-10-18 11:31:04 [INFO ] o.s.s.c.ThreadPoolTaskExecutor - Initializing ExecutorService 'applicationTaskExecutor'
2020-10-18 11:31:04 [INFO ] o.s.b.d.a.OptionalLiveReloadServer - LiveReload server is running on port 35729
2020-10-18 11:31:04 [INFO ] o.a.coyote.http11.Http11NioProtocol - Starting ProtocolHandler ["http-nio-8085"]
2020-10-18 11:31:04 [INFO ] o.s.b.w.e.tomcat.TomcatWebServer - Tomcat started on port(s): 8085 (http) with context path ''
2020-10-18 11:31:04 [INFO ] c.sbs.example.lolHi.LolHiApplication - Started LolHiApplication in 0.339 seconds (JVM running for 489.357)
2020-10-18 11:31:04 [INFO ] o.s.b.d.a.ConditionEvaluationDeltaLoggingListener - Condition evaluation unchanged
2020-10-18 11:31:15 [INFO ] o.s.s.c.ThreadPoolTaskExecutor - Shutting down ExecutorService 'applicationTaskExecutor'
2020-10-18 11:31:15 [INFO ] c.sbs.example.lolHi.LolHiApplication - Starting LolHiApplication on DESKTOP-S799PEG with PID 7612 (C:\work\sts-4.8.0.RELEASE-workspace\lolHi\target\classes started by user in C:\work\sts-4.8.0.RELEASE-workspace\lolHi)
2020-10-18 11:31:15 [INFO ] c.sbs.example.lolHi.LolHiApplication - The following profiles are active: local
2020-10-18 11:31:15 [INFO ] o.s.b.w.e.tomcat.TomcatWebServer - Tomcat initialized with port(s): 8085 (http)
2020-10-18 11:31:15 [INFO ] o.a.coyote.http11.Http11NioProtocol - Initializing ProtocolHandler ["http-nio-8085"]
2020-10-18 11:31:15 [INFO ] o.a.catalina.core.StandardService - Starting service [Tomcat]
2020-10-18 11:31:15 [INFO ] o.a.catalina.core.StandardEngine - Starting Servlet engine: [Apache Tomcat/9.0.38]
2020-10-18 11:31:15 [INFO ] org.apache.jasper.servlet.TldScanner - At least one JAR was scanned for TLDs yet contained no TLDs. Enable debug logging for this logger for a complete list of JARs that were scanned but no TLDs were found in them. Skipping unneeded JARs during scanning can improve startup time and JSP compilation time.
2020-10-18 11:31:15 [INFO ] o.a.c.c.C.[Tomcat].[localhost].[/] - Initializing Spring embedded WebApplicationContext
2020-10-18 11:31:15 [INFO ] o.s.b.w.s.c.ServletWebServerApplicationContext - Root WebApplicationContext: initialization completed in 193 ms
2020-10-18 11:31:15 [WARN ] o.s.b.w.s.c.AnnotationConfigServletWebServerApplicationContext - Exception encountered during context initialization - cancelling refresh attempt: org.springframework.beans.factory.BeanCreationException: Error creating bean with name 'memberController' defined in file [C:\work\sts-4.8.0.RELEASE-workspace\lolHi\target\classes\com\sbs\example\lolHi\controller\usr\MemberController.class]: Instantiation of bean failed; nested exception is org.springframework.beans.BeanInstantiationException: Failed to instantiate [com.sbs.example.lolHi.controller.usr.MemberController]: Constructor threw exception; nested exception is java.lang.Error: Unresolved compilation problems: 
	The import com.sbs.example.lolHi.service.MemberService cannot be resolved
	MemberService cannot be resolved to a type
	MemberService cannot be resolved to a type

2020-10-18 11:31:15 [INFO ] o.a.catalina.core.StandardService - Stopping service [Tomcat]
2020-10-18 11:31:15 [INFO ] o.s.b.a.l.ConditionEvaluationReportLoggingListener - 

Error starting ApplicationContext. To display the conditions report re-run your application with 'debug' enabled.
2020-10-18 11:31:15 [ERROR] o.s.boot.SpringApplication - Application run failed
org.springframework.beans.factory.BeanCreationException: Error creating bean with name 'memberController' defined in file [C:\work\sts-4.8.0.RELEASE-workspace\lolHi\target\classes\com\sbs\example\lolHi\controller\usr\MemberController.class]: Instantiation of bean failed; nested exception is org.springframework.beans.BeanInstantiationException: Failed to instantiate [com.sbs.example.lolHi.controller.usr.MemberController]: Constructor threw exception; nested exception is java.lang.Error: Unresolved compilation problems: 
	The import com.sbs.example.lolHi.service.MemberService cannot be resolved
	MemberService cannot be resolved to a type
	MemberService cannot be resolved to a type

	at org.springframework.beans.factory.support.AbstractAutowireCapableBeanFactory.instantiateBean(AbstractAutowireCapableBeanFactory.java:1318)
	at org.springframework.beans.factory.support.AbstractAutowireCapableBeanFactory.createBeanInstance(AbstractAutowireCapableBeanFactory.java:1213)
	at org.springframework.beans.factory.support.AbstractAutowireCapableBeanFactory.doCreateBean(AbstractAutowireCapableBeanFactory.java:556)
	at org.springframework.beans.factory.support.AbstractAutowireCapableBeanFactory.createBean(AbstractAutowireCapableBeanFactory.java:516)
	at org.springframework.beans.factory.support.AbstractBeanFactory.lambda$doGetBean$0(AbstractBeanFactory.java:324)
	at org.springframework.beans.factory.support.DefaultSingletonBeanRegistry.getSingleton(DefaultSingletonBeanRegistry.java:234)
	at org.springframework.beans.factory.support.AbstractBeanFactory.doGetBean(AbstractBeanFactory.java:322)
	at org.springframework.beans.factory.support.AbstractBeanFactory.getBean(AbstractBeanFactory.java:202)
	at org.springframework.beans.factory.support.DefaultListableBeanFactory.preInstantiateSingletons(DefaultListableBeanFactory.java:897)
	at org.springframework.context.support.AbstractApplicationContext.finishBeanFactoryInitialization(AbstractApplicationContext.java:879)
	at org.springframework.context.support.AbstractApplicationContext.refresh(AbstractApplicationContext.java:551)
	at org.springframework.boot.web.servlet.context.ServletWebServerApplicationContext.refresh(ServletWebServerApplicationContext.java:143)
	at org.springframework.boot.SpringApplication.refresh(SpringApplication.java:758)
	at org.springframework.boot.SpringApplication.refresh(SpringApplication.java:750)
	at org.springframework.boot.SpringApplication.refreshContext(SpringApplication.java:397)
	at org.springframework.boot.SpringApplication.run(SpringApplication.java:315)
	at org.springframework.boot.SpringApplication.run(SpringApplication.java:1237)
	at org.springframework.boot.SpringApplication.run(SpringApplication.java:1226)
	at com.sbs.example.lolHi.LolHiApplication.main(LolHiApplication.java:10)
	at java.base/jdk.internal.reflect.NativeMethodAccessorImpl.invoke0(Native Method)
	at java.base/jdk.internal.reflect.NativeMethodAccessorImpl.invoke(NativeMethodAccessorImpl.java:62)
	at java.base/jdk.internal.reflect.DelegatingMethodAccessorImpl.invoke(DelegatingMethodAccessorImpl.java:43)
	at java.base/java.lang.reflect.Method.invoke(Method.java:564)
	at org.springframework.boot.devtools.restart.RestartLauncher.run(RestartLauncher.java:49)
Caused by: org.springframework.beans.BeanInstantiationException: Failed to instantiate [com.sbs.example.lolHi.controller.usr.MemberController]: Constructor threw exception; nested exception is java.lang.Error: Unresolved compilation problems: 
	The import com.sbs.example.lolHi.service.MemberService cannot be resolved
	MemberService cannot be resolved to a type
	MemberService cannot be resolved to a type

	at org.springframework.beans.BeanUtils.instantiateClass(BeanUtils.java:217)
	at org.springframework.beans.factory.support.SimpleInstantiationStrategy.instantiate(SimpleInstantiationStrategy.java:87)
	at org.springframework.beans.factory.support.AbstractAutowireCapableBeanFactory.instantiateBean(AbstractAutowireCapableBeanFactory.java:1310)
	... 23 common frames omitted
Caused by: java.lang.Error: Unresolved compilation problems: 
	The import com.sbs.example.lolHi.service.MemberService cannot be resolved
	MemberService cannot be resolved to a type
	MemberService cannot be resolved to a type

	at com.sbs.example.lolHi.controller.usr.MemberController.<init>(MemberController.java:11)
	at java.base/jdk.internal.reflect.NativeConstructorAccessorImpl.newInstance0(Native Method)
	at java.base/jdk.internal.reflect.NativeConstructorAccessorImpl.newInstance(NativeConstructorAccessorImpl.java:62)
	at java.base/jdk.internal.reflect.DelegatingConstructorAccessorImpl.newInstance(DelegatingConstructorAccessorImpl.java:45)
	at java.base/java.lang.reflect.Constructor.newInstanceWithCaller(Constructor.java:500)
	at java.base/java.lang.reflect.Constructor.newInstance(Constructor.java:481)
	at org.springframework.beans.BeanUtils.instantiateClass(BeanUtils.java:204)
	... 25 common frames omitted
2020-10-18 11:31:36 [INFO ] c.sbs.example.lolHi.LolHiApplication - Starting LolHiApplication on DESKTOP-S799PEG with PID 7612 (C:\work\sts-4.8.0.RELEASE-workspace\lolHi\target\classes started by user in C:\work\sts-4.8.0.RELEASE-workspace\lolHi)
2020-10-18 11:31:36 [INFO ] c.sbs.example.lolHi.LolHiApplication - The following profiles are active: local
2020-10-18 11:31:36 [INFO ] o.s.b.w.e.tomcat.TomcatWebServer - Tomcat initialized with port(s): 8085 (http)
2020-10-18 11:31:36 [INFO ] o.a.coyote.http11.Http11NioProtocol - Initializing ProtocolHandler ["http-nio-8085"]
2020-10-18 11:31:36 [INFO ] o.a.catalina.core.StandardService - Starting service [Tomcat]
2020-10-18 11:31:36 [INFO ] o.a.catalina.core.StandardEngine - Starting Servlet engine: [Apache Tomcat/9.0.38]
2020-10-18 11:31:36 [INFO ] org.apache.jasper.servlet.TldScanner - At least one JAR was scanned for TLDs yet contained no TLDs. Enable debug logging for this logger for a complete list of JARs that were scanned but no TLDs were found in them. Skipping unneeded JARs during scanning can improve startup time and JSP compilation time.
2020-10-18 11:31:36 [INFO ] o.a.c.c.C.[Tomcat-1].[localhost].[/] - Initializing Spring embedded WebApplicationContext
2020-10-18 11:31:36 [INFO ] o.s.b.w.s.c.ServletWebServerApplicationContext - Root WebApplicationContext: initialization completed in 189 ms
2020-10-18 11:31:36 [WARN ] o.s.b.w.s.c.AnnotationConfigServletWebServerApplicationContext - Exception encountered during context initialization - cancelling refresh attempt: org.springframework.beans.factory.BeanCreationException: Error creating bean with name 'memberController' defined in file [C:\work\sts-4.8.0.RELEASE-workspace\lolHi\target\classes\com\sbs\example\lolHi\controller\usr\MemberController.class]: Instantiation of bean failed; nested exception is org.springframework.beans.BeanInstantiationException: Failed to instantiate [com.sbs.example.lolHi.controller.usr.MemberController]: Constructor threw exception; nested exception is java.lang.Error: Unresolved compilation problems: 
	The import com.sbs.example.lolHi.service.MemberService cannot be resolved
	MemberService cannot be resolved to a type
	MemberService cannot be resolved to a type

2020-10-18 11:31:36 [INFO ] o.a.catalina.core.StandardService - Stopping service [Tomcat]
2020-10-18 11:31:36 [INFO ] o.s.b.a.l.ConditionEvaluationReportLoggingListener - 

Error starting ApplicationContext. To display the conditions report re-run your application with 'debug' enabled.
2020-10-18 11:31:36 [ERROR] o.s.boot.SpringApplication - Application run failed
org.springframework.beans.factory.BeanCreationException: Error creating bean with name 'memberController' defined in file [C:\work\sts-4.8.0.RELEASE-workspace\lolHi\target\classes\com\sbs\example\lolHi\controller\usr\MemberController.class]: Instantiation of bean failed; nested exception is org.springframework.beans.BeanInstantiationException: Failed to instantiate [com.sbs.example.lolHi.controller.usr.MemberController]: Constructor threw exception; nested exception is java.lang.Error: Unresolved compilation problems: 
	The import com.sbs.example.lolHi.service.MemberService cannot be resolved
	MemberService cannot be resolved to a type
	MemberService cannot be resolved to a type

	at org.springframework.beans.factory.support.AbstractAutowireCapableBeanFactory.instantiateBean(AbstractAutowireCapableBeanFactory.java:1318)
	at org.springframework.beans.factory.support.AbstractAutowireCapableBeanFactory.createBeanInstance(AbstractAutowireCapableBeanFactory.java:1213)
	at org.springframework.beans.factory.support.AbstractAutowireCapableBeanFactory.doCreateBean(AbstractAutowireCapableBeanFactory.java:556)
	at org.springframework.beans.factory.support.AbstractAutowireCapableBeanFactory.createBean(AbstractAutowireCapableBeanFactory.java:516)
	at org.springframework.beans.factory.support.AbstractBeanFactory.lambda$doGetBean$0(AbstractBeanFactory.java:324)
	at org.springframework.beans.factory.support.DefaultSingletonBeanRegistry.getSingleton(DefaultSingletonBeanRegistry.java:234)
	at org.springframework.beans.factory.support.AbstractBeanFactory.doGetBean(AbstractBeanFactory.java:322)
	at org.springframework.beans.factory.support.AbstractBeanFactory.getBean(AbstractBeanFactory.java:202)
	at org.springframework.beans.factory.support.DefaultListableBeanFactory.preInstantiateSingletons(DefaultListableBeanFactory.java:897)
	at org.springframework.context.support.AbstractApplicationContext.finishBeanFactoryInitialization(AbstractApplicationContext.java:879)
	at org.springframework.context.support.AbstractApplicationContext.refresh(AbstractApplicationContext.java:551)
	at org.springframework.boot.web.servlet.context.ServletWebServerApplicationContext.refresh(ServletWebServerApplicationContext.java:143)
	at org.springframework.boot.SpringApplication.refresh(SpringApplication.java:758)
	at org.springframework.boot.SpringApplication.refresh(SpringApplication.java:750)
	at org.springframework.boot.SpringApplication.refreshContext(SpringApplication.java:397)
	at org.springframework.boot.SpringApplication.run(SpringApplication.java:315)
	at org.springframework.boot.SpringApplication.run(SpringApplication.java:1237)
	at org.springframework.boot.SpringApplication.run(SpringApplication.java:1226)
	at com.sbs.example.lolHi.LolHiApplication.main(LolHiApplication.java:10)
	at java.base/jdk.internal.reflect.NativeMethodAccessorImpl.invoke0(Native Method)
	at java.base/jdk.internal.reflect.NativeMethodAccessorImpl.invoke(NativeMethodAccessorImpl.java:62)
	at java.base/jdk.internal.reflect.DelegatingMethodAccessorImpl.invoke(DelegatingMethodAccessorImpl.java:43)
	at java.base/java.lang.reflect.Method.invoke(Method.java:564)
	at org.springframework.boot.devtools.restart.RestartLauncher.run(RestartLauncher.java:49)
Caused by: org.springframework.beans.BeanInstantiationException: Failed to instantiate [com.sbs.example.lolHi.controller.usr.MemberController]: Constructor threw exception; nested exception is java.lang.Error: Unresolved compilation problems: 
	The import com.sbs.example.lolHi.service.MemberService cannot be resolved
	MemberService cannot be resolved to a type
	MemberService cannot be resolved to a type

	at org.springframework.beans.BeanUtils.instantiateClass(BeanUtils.java:217)
	at org.springframework.beans.factory.support.SimpleInstantiationStrategy.instantiate(SimpleInstantiationStrategy.java:87)
	at org.springframework.beans.factory.support.AbstractAutowireCapableBeanFactory.instantiateBean(AbstractAutowireCapableBeanFactory.java:1310)
	... 23 common frames omitted
Caused by: java.lang.Error: Unresolved compilation problems: 
	The import com.sbs.example.lolHi.service.MemberService cannot be resolved
	MemberService cannot be resolved to a type
	MemberService cannot be resolved to a type

	at com.sbs.example.lolHi.controller.usr.MemberController.<init>(MemberController.java:11)
	at java.base/jdk.internal.reflect.NativeConstructorAccessorImpl.newInstance0(Native Method)
	at java.base/jdk.internal.reflect.NativeConstructorAccessorImpl.newInstance(NativeConstructorAccessorImpl.java:62)
	at java.base/jdk.internal.reflect.DelegatingConstructorAccessorImpl.newInstance(DelegatingConstructorAccessorImpl.java:45)
	at java.base/java.lang.reflect.Constructor.newInstanceWithCaller(Constructor.java:500)
	at java.base/java.lang.reflect.Constructor.newInstance(Constructor.java:481)
	at org.springframework.beans.BeanUtils.instantiateClass(BeanUtils.java:204)
	... 25 common frames omitted
2020-10-18 11:31:43 [INFO ] c.sbs.example.lolHi.LolHiApplication - Starting LolHiApplication on DESKTOP-S799PEG with PID 7612 (C:\work\sts-4.8.0.RELEASE-workspace\lolHi\target\classes started by user in C:\work\sts-4.8.0.RELEASE-workspace\lolHi)
2020-10-18 11:31:43 [INFO ] c.sbs.example.lolHi.LolHiApplication - The following profiles are active: local
2020-10-18 11:31:44 [INFO ] o.s.b.w.e.tomcat.TomcatWebServer - Tomcat initialized with port(s): 8085 (http)
2020-10-18 11:31:44 [INFO ] o.a.coyote.http11.Http11NioProtocol - Initializing ProtocolHandler ["http-nio-8085"]
2020-10-18 11:31:44 [INFO ] o.a.catalina.core.StandardService - Starting service [Tomcat]
2020-10-18 11:31:44 [INFO ] o.a.catalina.core.StandardEngine - Starting Servlet engine: [Apache Tomcat/9.0.38]
2020-10-18 11:31:44 [INFO ] org.apache.jasper.servlet.TldScanner - At least one JAR was scanned for TLDs yet contained no TLDs. Enable debug logging for this logger for a complete list of JARs that were scanned but no TLDs were found in them. Skipping unneeded JARs during scanning can improve startup time and JSP compilation time.
2020-10-18 11:31:44 [INFO ] o.a.c.c.C.[Tomcat-2].[localhost].[/] - Initializing Spring embedded WebApplicationContext
2020-10-18 11:31:44 [INFO ] o.s.b.w.s.c.ServletWebServerApplicationContext - Root WebApplicationContext: initialization completed in 192 ms
2020-10-18 11:31:44 [WARN ] o.s.b.w.s.c.AnnotationConfigServletWebServerApplicationContext - Exception encountered during context initialization - cancelling refresh attempt: org.springframework.beans.factory.BeanCreationException: Error creating bean with name 'memberController' defined in file [C:\work\sts-4.8.0.RELEASE-workspace\lolHi\target\classes\com\sbs\example\lolHi\controller\usr\MemberController.class]: Instantiation of bean failed; nested exception is org.springframework.beans.BeanInstantiationException: Failed to instantiate [com.sbs.example.lolHi.controller.usr.MemberController]: Constructor threw exception; nested exception is java.lang.Error: Unresolved compilation problems: 
	The import com.sbs.example.lolHi.service.MemberService cannot be resolved
	MemberService cannot be resolved to a type
	MemberService cannot be resolved to a type

2020-10-18 11:31:44 [INFO ] o.a.catalina.core.StandardService - Stopping service [Tomcat]
2020-10-18 11:31:44 [INFO ] o.s.b.a.l.ConditionEvaluationReportLoggingListener - 

Error starting ApplicationContext. To display the conditions report re-run your application with 'debug' enabled.
2020-10-18 11:31:44 [ERROR] o.s.boot.SpringApplication - Application run failed
org.springframework.beans.factory.BeanCreationException: Error creating bean with name 'memberController' defined in file [C:\work\sts-4.8.0.RELEASE-workspace\lolHi\target\classes\com\sbs\example\lolHi\controller\usr\MemberController.class]: Instantiation of bean failed; nested exception is org.springframework.beans.BeanInstantiationException: Failed to instantiate [com.sbs.example.lolHi.controller.usr.MemberController]: Constructor threw exception; nested exception is java.lang.Error: Unresolved compilation problems: 
	The import com.sbs.example.lolHi.service.MemberService cannot be resolved
	MemberService cannot be resolved to a type
	MemberService cannot be resolved to a type

	at org.springframework.beans.factory.support.AbstractAutowireCapableBeanFactory.instantiateBean(AbstractAutowireCapableBeanFactory.java:1318)
	at org.springframework.beans.factory.support.AbstractAutowireCapableBeanFactory.createBeanInstance(AbstractAutowireCapableBeanFactory.java:1213)
	at org.springframework.beans.factory.support.AbstractAutowireCapableBeanFactory.doCreateBean(AbstractAutowireCapableBeanFactory.java:556)
	at org.springframework.beans.factory.support.AbstractAutowireCapableBeanFactory.createBean(AbstractAutowireCapableBeanFactory.java:516)
	at org.springframework.beans.factory.support.AbstractBeanFactory.lambda$doGetBean$0(AbstractBeanFactory.java:324)
	at org.springframework.beans.factory.support.DefaultSingletonBeanRegistry.getSingleton(DefaultSingletonBeanRegistry.java:234)
	at org.springframework.beans.factory.support.AbstractBeanFactory.doGetBean(AbstractBeanFactory.java:322)
	at org.springframework.beans.factory.support.AbstractBeanFactory.getBean(AbstractBeanFactory.java:202)
	at org.springframework.beans.factory.support.DefaultListableBeanFactory.preInstantiateSingletons(DefaultListableBeanFactory.java:897)
	at org.springframework.context.support.AbstractApplicationContext.finishBeanFactoryInitialization(AbstractApplicationContext.java:879)
	at org.springframework.context.support.AbstractApplicationContext.refresh(AbstractApplicationContext.java:551)
	at org.springframework.boot.web.servlet.context.ServletWebServerApplicationContext.refresh(ServletWebServerApplicationContext.java:143)
	at org.springframework.boot.SpringApplication.refresh(SpringApplication.java:758)
	at org.springframework.boot.SpringApplication.refresh(SpringApplication.java:750)
	at org.springframework.boot.SpringApplication.refreshContext(SpringApplication.java:397)
	at org.springframework.boot.SpringApplication.run(SpringApplication.java:315)
	at org.springframework.boot.SpringApplication.run(SpringApplication.java:1237)
	at org.springframework.boot.SpringApplication.run(SpringApplication.java:1226)
	at com.sbs.example.lolHi.LolHiApplication.main(LolHiApplication.java:10)
	at java.base/jdk.internal.reflect.NativeMethodAccessorImpl.invoke0(Native Method)
	at java.base/jdk.internal.reflect.NativeMethodAccessorImpl.invoke(NativeMethodAccessorImpl.java:62)
	at java.base/jdk.internal.reflect.DelegatingMethodAccessorImpl.invoke(DelegatingMethodAccessorImpl.java:43)
	at java.base/java.lang.reflect.Method.invoke(Method.java:564)
	at org.springframework.boot.devtools.restart.RestartLauncher.run(RestartLauncher.java:49)
Caused by: org.springframework.beans.BeanInstantiationException: Failed to instantiate [com.sbs.example.lolHi.controller.usr.MemberController]: Constructor threw exception; nested exception is java.lang.Error: Unresolved compilation problems: 
	The import com.sbs.example.lolHi.service.MemberService cannot be resolved
	MemberService cannot be resolved to a type
	MemberService cannot be resolved to a type

	at org.springframework.beans.BeanUtils.instantiateClass(BeanUtils.java:217)
	at org.springframework.beans.factory.support.SimpleInstantiationStrategy.instantiate(SimpleInstantiationStrategy.java:87)
	at org.springframework.beans.factory.support.AbstractAutowireCapableBeanFactory.instantiateBean(AbstractAutowireCapableBeanFactory.java:1310)
	... 23 common frames omitted
Caused by: java.lang.Error: Unresolved compilation problems: 
	The import com.sbs.example.lolHi.service.MemberService cannot be resolved
	MemberService cannot be resolved to a type
	MemberService cannot be resolved to a type

	at com.sbs.example.lolHi.controller.usr.MemberController.<init>(MemberController.java:11)
	at java.base/jdk.internal.reflect.NativeConstructorAccessorImpl.newInstance0(Native Method)
	at java.base/jdk.internal.reflect.NativeConstructorAccessorImpl.newInstance(NativeConstructorAccessorImpl.java:62)
	at java.base/jdk.internal.reflect.DelegatingConstructorAccessorImpl.newInstance(DelegatingConstructorAccessorImpl.java:45)
	at java.base/java.lang.reflect.Constructor.newInstanceWithCaller(Constructor.java:500)
	at java.base/java.lang.reflect.Constructor.newInstance(Constructor.java:481)
	at org.springframework.beans.BeanUtils.instantiateClass(BeanUtils.java:204)
	... 25 common frames omitted
2020-10-18 11:32:15 [INFO ] c.sbs.example.lolHi.LolHiApplication - Starting LolHiApplication on DESKTOP-S799PEG with PID 7612 (C:\work\sts-4.8.0.RELEASE-workspace\lolHi\target\classes started by user in C:\work\sts-4.8.0.RELEASE-workspace\lolHi)
2020-10-18 11:32:15 [INFO ] c.sbs.example.lolHi.LolHiApplication - The following profiles are active: local
2020-10-18 11:32:15 [INFO ] o.s.b.w.e.tomcat.TomcatWebServer - Tomcat initialized with port(s): 8085 (http)
2020-10-18 11:32:15 [INFO ] o.a.coyote.http11.Http11NioProtocol - Initializing ProtocolHandler ["http-nio-8085"]
2020-10-18 11:32:15 [INFO ] o.a.catalina.core.StandardService - Starting service [Tomcat]
2020-10-18 11:32:15 [INFO ] o.a.catalina.core.StandardEngine - Starting Servlet engine: [Apache Tomcat/9.0.38]
2020-10-18 11:32:15 [INFO ] org.apache.jasper.servlet.TldScanner - At least one JAR was scanned for TLDs yet contained no TLDs. Enable debug logging for this logger for a complete list of JARs that were scanned but no TLDs were found in them. Skipping unneeded JARs during scanning can improve startup time and JSP compilation time.
2020-10-18 11:32:15 [INFO ] o.a.c.c.C.[Tomcat-3].[localhost].[/] - Initializing Spring embedded WebApplicationContext
2020-10-18 11:32:15 [INFO ] o.s.b.w.s.c.ServletWebServerApplicationContext - Root WebApplicationContext: initialization completed in 199 ms
2020-10-18 11:32:15 [WARN ] o.s.b.w.s.c.AnnotationConfigServletWebServerApplicationContext - Exception encountered during context initialization - cancelling refresh attempt: org.springframework.beans.factory.BeanCreationException: Error creating bean with name 'memberController' defined in file [C:\work\sts-4.8.0.RELEASE-workspace\lolHi\target\classes\com\sbs\example\lolHi\controller\usr\MemberController.class]: Instantiation of bean failed; nested exception is org.springframework.beans.BeanInstantiationException: Failed to instantiate [com.sbs.example.lolHi.controller.usr.MemberController]: Constructor threw exception; nested exception is java.lang.Error: Unresolved compilation problems: 
	The import com.sbs.example.lolHi.service.MemberService cannot be resolved
	MemberService cannot be resolved to a type
	MemberService cannot be resolved to a type

2020-10-18 11:32:15 [INFO ] o.a.catalina.core.StandardService - Stopping service [Tomcat]
2020-10-18 11:32:15 [INFO ] o.s.b.a.l.ConditionEvaluationReportLoggingListener - 

Error starting ApplicationContext. To display the conditions report re-run your application with 'debug' enabled.
2020-10-18 11:32:15 [ERROR] o.s.boot.SpringApplication - Application run failed
org.springframework.beans.factory.BeanCreationException: Error creating bean with name 'memberController' defined in file [C:\work\sts-4.8.0.RELEASE-workspace\lolHi\target\classes\com\sbs\example\lolHi\controller\usr\MemberController.class]: Instantiation of bean failed; nested exception is org.springframework.beans.BeanInstantiationException: Failed to instantiate [com.sbs.example.lolHi.controller.usr.MemberController]: Constructor threw exception; nested exception is java.lang.Error: Unresolved compilation problems: 
	The import com.sbs.example.lolHi.service.MemberService cannot be resolved
	MemberService cannot be resolved to a type
	MemberService cannot be resolved to a type

	at org.springframework.beans.factory.support.AbstractAutowireCapableBeanFactory.instantiateBean(AbstractAutowireCapableBeanFactory.java:1318)
	at org.springframework.beans.factory.support.AbstractAutowireCapableBeanFactory.createBeanInstance(AbstractAutowireCapableBeanFactory.java:1213)
	at org.springframework.beans.factory.support.AbstractAutowireCapableBeanFactory.doCreateBean(AbstractAutowireCapableBeanFactory.java:556)
	at org.springframework.beans.factory.support.AbstractAutowireCapableBeanFactory.createBean(AbstractAutowireCapableBeanFactory.java:516)
	at org.springframework.beans.factory.support.AbstractBeanFactory.lambda$doGetBean$0(AbstractBeanFactory.java:324)
	at org.springframework.beans.factory.support.DefaultSingletonBeanRegistry.getSingleton(DefaultSingletonBeanRegistry.java:234)
	at org.springframework.beans.factory.support.AbstractBeanFactory.doGetBean(AbstractBeanFactory.java:322)
	at org.springframework.beans.factory.support.AbstractBeanFactory.getBean(AbstractBeanFactory.java:202)
	at org.springframework.beans.factory.support.DefaultListableBeanFactory.preInstantiateSingletons(DefaultListableBeanFactory.java:897)
	at org.springframework.context.support.AbstractApplicationContext.finishBeanFactoryInitialization(AbstractApplicationContext.java:879)
	at org.springframework.context.support.AbstractApplicationContext.refresh(AbstractApplicationContext.java:551)
	at org.springframework.boot.web.servlet.context.ServletWebServerApplicationContext.refresh(ServletWebServerApplicationContext.java:143)
	at org.springframework.boot.SpringApplication.refresh(SpringApplication.java:758)
	at org.springframework.boot.SpringApplication.refresh(SpringApplication.java:750)
	at org.springframework.boot.SpringApplication.refreshContext(SpringApplication.java:397)
	at org.springframework.boot.SpringApplication.run(SpringApplication.java:315)
	at org.springframework.boot.SpringApplication.run(SpringApplication.java:1237)
	at org.springframework.boot.SpringApplication.run(SpringApplication.java:1226)
	at com.sbs.example.lolHi.LolHiApplication.main(LolHiApplication.java:10)
	at java.base/jdk.internal.reflect.NativeMethodAccessorImpl.invoke0(Native Method)
	at java.base/jdk.internal.reflect.NativeMethodAccessorImpl.invoke(NativeMethodAccessorImpl.java:62)
	at java.base/jdk.internal.reflect.DelegatingMethodAccessorImpl.invoke(DelegatingMethodAccessorImpl.java:43)
	at java.base/java.lang.reflect.Method.invoke(Method.java:564)
	at org.springframework.boot.devtools.restart.RestartLauncher.run(RestartLauncher.java:49)
Caused by: org.springframework.beans.BeanInstantiationException: Failed to instantiate [com.sbs.example.lolHi.controller.usr.MemberController]: Constructor threw exception; nested exception is java.lang.Error: Unresolved compilation problems: 
	The import com.sbs.example.lolHi.service.MemberService cannot be resolved
	MemberService cannot be resolved to a type
	MemberService cannot be resolved to a type

	at org.springframework.beans.BeanUtils.instantiateClass(BeanUtils.java:217)
	at org.springframework.beans.factory.support.SimpleInstantiationStrategy.instantiate(SimpleInstantiationStrategy.java:87)
	at org.springframework.beans.factory.support.AbstractAutowireCapableBeanFactory.instantiateBean(AbstractAutowireCapableBeanFactory.java:1310)
	... 23 common frames omitted
Caused by: java.lang.Error: Unresolved compilation problems: 
	The import com.sbs.example.lolHi.service.MemberService cannot be resolved
	MemberService cannot be resolved to a type
	MemberService cannot be resolved to a type

	at com.sbs.example.lolHi.controller.usr.MemberController.<init>(MemberController.java:11)
	at java.base/jdk.internal.reflect.NativeConstructorAccessorImpl.newInstance0(Native Method)
	at java.base/jdk.internal.reflect.NativeConstructorAccessorImpl.newInstance(NativeConstructorAccessorImpl.java:62)
	at java.base/jdk.internal.reflect.DelegatingConstructorAccessorImpl.newInstance(DelegatingConstructorAccessorImpl.java:45)
	at java.base/java.lang.reflect.Constructor.newInstanceWithCaller(Constructor.java:500)
	at java.base/java.lang.reflect.Constructor.newInstance(Constructor.java:481)
	at org.springframework.beans.BeanUtils.instantiateClass(BeanUtils.java:204)
	... 25 common frames omitted
2020-10-18 11:32:23 [INFO ] c.sbs.example.lolHi.LolHiApplication - Starting LolHiApplication on DESKTOP-S799PEG with PID 7612 (C:\work\sts-4.8.0.RELEASE-workspace\lolHi\target\classes started by user in C:\work\sts-4.8.0.RELEASE-workspace\lolHi)
2020-10-18 11:32:23 [INFO ] c.sbs.example.lolHi.LolHiApplication - The following profiles are active: local
2020-10-18 11:32:23 [INFO ] o.s.b.w.e.tomcat.TomcatWebServer - Tomcat initialized with port(s): 8085 (http)
2020-10-18 11:32:23 [INFO ] o.a.coyote.http11.Http11NioProtocol - Initializing ProtocolHandler ["http-nio-8085"]
2020-10-18 11:32:23 [INFO ] o.a.catalina.core.StandardService - Starting service [Tomcat]
2020-10-18 11:32:23 [INFO ] o.a.catalina.core.StandardEngine - Starting Servlet engine: [Apache Tomcat/9.0.38]
2020-10-18 11:32:23 [INFO ] org.apache.jasper.servlet.TldScanner - At least one JAR was scanned for TLDs yet contained no TLDs. Enable debug logging for this logger for a complete list of JARs that were scanned but no TLDs were found in them. Skipping unneeded JARs during scanning can improve startup time and JSP compilation time.
2020-10-18 11:32:23 [INFO ] o.a.c.c.C.[Tomcat-4].[localhost].[/] - Initializing Spring embedded WebApplicationContext
2020-10-18 11:32:23 [INFO ] o.s.b.w.s.c.ServletWebServerApplicationContext - Root WebApplicationContext: initialization completed in 216 ms
2020-10-18 11:32:23 [WARN ] o.s.b.w.s.c.AnnotationConfigServletWebServerApplicationContext - Exception encountered during context initialization - cancelling refresh attempt: org.springframework.beans.factory.BeanCreationException: Error creating bean with name 'memberController' defined in file [C:\work\sts-4.8.0.RELEASE-workspace\lolHi\target\classes\com\sbs\example\lolHi\controller\usr\MemberController.class]: Instantiation of bean failed; nested exception is org.springframework.beans.BeanInstantiationException: Failed to instantiate [com.sbs.example.lolHi.controller.usr.MemberController]: Constructor threw exception; nested exception is java.lang.Error: Unresolved compilation problems: 
	The import com.sbs.example.lolHi.service.MemberService cannot be resolved
	MemberService cannot be resolved to a type
	MemberService cannot be resolved to a type

2020-10-18 11:32:23 [INFO ] o.a.catalina.core.StandardService - Stopping service [Tomcat]
2020-10-18 11:32:23 [INFO ] o.s.b.a.l.ConditionEvaluationReportLoggingListener - 

Error starting ApplicationContext. To display the conditions report re-run your application with 'debug' enabled.
2020-10-18 11:32:23 [ERROR] o.s.boot.SpringApplication - Application run failed
org.springframework.beans.factory.BeanCreationException: Error creating bean with name 'memberController' defined in file [C:\work\sts-4.8.0.RELEASE-workspace\lolHi\target\classes\com\sbs\example\lolHi\controller\usr\MemberController.class]: Instantiation of bean failed; nested exception is org.springframework.beans.BeanInstantiationException: Failed to instantiate [com.sbs.example.lolHi.controller.usr.MemberController]: Constructor threw exception; nested exception is java.lang.Error: Unresolved compilation problems: 
	The import com.sbs.example.lolHi.service.MemberService cannot be resolved
	MemberService cannot be resolved to a type
	MemberService cannot be resolved to a type

	at org.springframework.beans.factory.support.AbstractAutowireCapableBeanFactory.instantiateBean(AbstractAutowireCapableBeanFactory.java:1318)
	at org.springframework.beans.factory.support.AbstractAutowireCapableBeanFactory.createBeanInstance(AbstractAutowireCapableBeanFactory.java:1213)
	at org.springframework.beans.factory.support.AbstractAutowireCapableBeanFactory.doCreateBean(AbstractAutowireCapableBeanFactory.java:556)
	at org.springframework.beans.factory.support.AbstractAutowireCapableBeanFactory.createBean(AbstractAutowireCapableBeanFactory.java:516)
	at org.springframework.beans.factory.support.AbstractBeanFactory.lambda$doGetBean$0(AbstractBeanFactory.java:324)
	at org.springframework.beans.factory.support.DefaultSingletonBeanRegistry.getSingleton(DefaultSingletonBeanRegistry.java:234)
	at org.springframework.beans.factory.support.AbstractBeanFactory.doGetBean(AbstractBeanFactory.java:322)
	at org.springframework.beans.factory.support.AbstractBeanFactory.getBean(AbstractBeanFactory.java:202)
	at org.springframework.beans.factory.support.DefaultListableBeanFactory.preInstantiateSingletons(DefaultListableBeanFactory.java:897)
	at org.springframework.context.support.AbstractApplicationContext.finishBeanFactoryInitialization(AbstractApplicationContext.java:879)
	at org.springframework.context.support.AbstractApplicationContext.refresh(AbstractApplicationContext.java:551)
	at org.springframework.boot.web.servlet.context.ServletWebServerApplicationContext.refresh(ServletWebServerApplicationContext.java:143)
	at org.springframework.boot.SpringApplication.refresh(SpringApplication.java:758)
	at org.springframework.boot.SpringApplication.refresh(SpringApplication.java:750)
	at org.springframework.boot.SpringApplication.refreshContext(SpringApplication.java:397)
	at org.springframework.boot.SpringApplication.run(SpringApplication.java:315)
	at org.springframework.boot.SpringApplication.run(SpringApplication.java:1237)
	at org.springframework.boot.SpringApplication.run(SpringApplication.java:1226)
	at com.sbs.example.lolHi.LolHiApplication.main(LolHiApplication.java:10)
	at java.base/jdk.internal.reflect.NativeMethodAccessorImpl.invoke0(Native Method)
	at java.base/jdk.internal.reflect.NativeMethodAccessorImpl.invoke(NativeMethodAccessorImpl.java:62)
	at java.base/jdk.internal.reflect.DelegatingMethodAccessorImpl.invoke(DelegatingMethodAccessorImpl.java:43)
	at java.base/java.lang.reflect.Method.invoke(Method.java:564)
	at org.springframework.boot.devtools.restart.RestartLauncher.run(RestartLauncher.java:49)
Caused by: org.springframework.beans.BeanInstantiationException: Failed to instantiate [com.sbs.example.lolHi.controller.usr.MemberController]: Constructor threw exception; nested exception is java.lang.Error: Unresolved compilation problems: 
	The import com.sbs.example.lolHi.service.MemberService cannot be resolved
	MemberService cannot be resolved to a type
	MemberService cannot be resolved to a type

	at org.springframework.beans.BeanUtils.instantiateClass(BeanUtils.java:217)
	at org.springframework.beans.factory.support.SimpleInstantiationStrategy.instantiate(SimpleInstantiationStrategy.java:87)
	at org.springframework.beans.factory.support.AbstractAutowireCapableBeanFactory.instantiateBean(AbstractAutowireCapableBeanFactory.java:1310)
	... 23 common frames omitted
Caused by: java.lang.Error: Unresolved compilation problems: 
	The import com.sbs.example.lolHi.service.MemberService cannot be resolved
	MemberService cannot be resolved to a type
	MemberService cannot be resolved to a type

	at com.sbs.example.lolHi.controller.usr.MemberController.<init>(MemberController.java:11)
	at java.base/jdk.internal.reflect.NativeConstructorAccessorImpl.newInstance0(Native Method)
	at java.base/jdk.internal.reflect.NativeConstructorAccessorImpl.newInstance(NativeConstructorAccessorImpl.java:62)
	at java.base/jdk.internal.reflect.DelegatingConstructorAccessorImpl.newInstance(DelegatingConstructorAccessorImpl.java:45)
	at java.base/java.lang.reflect.Constructor.newInstanceWithCaller(Constructor.java:500)
	at java.base/java.lang.reflect.Constructor.newInstance(Constructor.java:481)
	at org.springframework.beans.BeanUtils.instantiateClass(BeanUtils.java:204)
	... 25 common frames omitted
2020-10-18 11:32:38 [INFO ] c.sbs.example.lolHi.LolHiApplication - Starting LolHiApplication on DESKTOP-S799PEG with PID 7612 (C:\work\sts-4.8.0.RELEASE-workspace\lolHi\target\classes started by user in C:\work\sts-4.8.0.RELEASE-workspace\lolHi)
2020-10-18 11:32:38 [INFO ] c.sbs.example.lolHi.LolHiApplication - The following profiles are active: local
2020-10-18 11:32:38 [INFO ] o.s.b.w.e.tomcat.TomcatWebServer - Tomcat initialized with port(s): 8085 (http)
2020-10-18 11:32:38 [INFO ] o.a.coyote.http11.Http11NioProtocol - Initializing ProtocolHandler ["http-nio-8085"]
2020-10-18 11:32:38 [INFO ] o.a.catalina.core.StandardService - Starting service [Tomcat]
2020-10-18 11:32:38 [INFO ] o.a.catalina.core.StandardEngine - Starting Servlet engine: [Apache Tomcat/9.0.38]
2020-10-18 11:32:38 [INFO ] org.apache.jasper.servlet.TldScanner - At least one JAR was scanned for TLDs yet contained no TLDs. Enable debug logging for this logger for a complete list of JARs that were scanned but no TLDs were found in them. Skipping unneeded JARs during scanning can improve startup time and JSP compilation time.
2020-10-18 11:32:38 [INFO ] o.a.c.c.C.[Tomcat-5].[localhost].[/] - Initializing Spring embedded WebApplicationContext
2020-10-18 11:32:38 [INFO ] o.s.b.w.s.c.ServletWebServerApplicationContext - Root WebApplicationContext: initialization completed in 189 ms
2020-10-18 11:32:38 [INFO ] o.s.s.c.ThreadPoolTaskExecutor - Initializing ExecutorService 'applicationTaskExecutor'
2020-10-18 11:32:38 [INFO ] o.s.b.d.a.OptionalLiveReloadServer - LiveReload server is running on port 35729
2020-10-18 11:32:38 [INFO ] o.a.coyote.http11.Http11NioProtocol - Starting ProtocolHandler ["http-nio-8085"]
2020-10-18 11:32:38 [INFO ] o.s.b.w.e.tomcat.TomcatWebServer - Tomcat started on port(s): 8085 (http) with context path ''
2020-10-18 11:32:38 [INFO ] c.sbs.example.lolHi.LolHiApplication - Started LolHiApplication in 0.319 seconds (JVM running for 582.837)
2020-10-18 11:32:38 [INFO ] o.s.b.d.a.ConditionEvaluationDeltaLoggingListener - Condition evaluation unchanged
2020-10-18 11:32:44 [INFO ] o.s.s.c.ThreadPoolTaskExecutor - Shutting down ExecutorService 'applicationTaskExecutor'
2020-10-18 11:32:44 [INFO ] c.sbs.example.lolHi.LolHiApplication - Starting LolHiApplication on DESKTOP-S799PEG with PID 7612 (C:\work\sts-4.8.0.RELEASE-workspace\lolHi\target\classes started by user in C:\work\sts-4.8.0.RELEASE-workspace\lolHi)
2020-10-18 11:32:44 [INFO ] c.sbs.example.lolHi.LolHiApplication - The following profiles are active: local
2020-10-18 11:32:45 [INFO ] o.s.b.w.e.tomcat.TomcatWebServer - Tomcat initialized with port(s): 8085 (http)
2020-10-18 11:32:45 [INFO ] o.a.coyote.http11.Http11NioProtocol - Initializing ProtocolHandler ["http-nio-8085"]
2020-10-18 11:32:45 [INFO ] o.a.catalina.core.StandardService - Starting service [Tomcat]
2020-10-18 11:32:45 [INFO ] o.a.catalina.core.StandardEngine - Starting Servlet engine: [Apache Tomcat/9.0.38]
2020-10-18 11:32:45 [INFO ] org.apache.jasper.servlet.TldScanner - At least one JAR was scanned for TLDs yet contained no TLDs. Enable debug logging for this logger for a complete list of JARs that were scanned but no TLDs were found in them. Skipping unneeded JARs during scanning can improve startup time and JSP compilation time.
2020-10-18 11:32:45 [INFO ] o.a.c.c.C.[Tomcat-5].[localhost].[/] - Initializing Spring embedded WebApplicationContext
2020-10-18 11:32:45 [INFO ] o.s.b.w.s.c.ServletWebServerApplicationContext - Root WebApplicationContext: initialization completed in 195 ms
2020-10-18 11:32:45 [INFO ] o.s.s.c.ThreadPoolTaskExecutor - Initializing ExecutorService 'applicationTaskExecutor'
2020-10-18 11:32:45 [INFO ] o.s.b.d.a.OptionalLiveReloadServer - LiveReload server is running on port 35729
2020-10-18 11:32:45 [INFO ] o.a.coyote.http11.Http11NioProtocol - Starting ProtocolHandler ["http-nio-8085"]
2020-10-18 11:32:45 [INFO ] o.s.b.w.e.tomcat.TomcatWebServer - Tomcat started on port(s): 8085 (http) with context path ''
2020-10-18 11:32:45 [INFO ] c.sbs.example.lolHi.LolHiApplication - Started LolHiApplication in 0.333 seconds (JVM running for 589.681)
2020-10-18 11:32:45 [INFO ] o.s.b.d.a.ConditionEvaluationDeltaLoggingListener - Condition evaluation unchanged
2020-10-18 11:33:45 [INFO ] c.sbs.example.lolHi.LolHiApplication - Starting LolHiApplication on DESKTOP-S799PEG with PID 1792 (C:\work\sts-4.8.0.RELEASE-workspace\lolHi\target\classes started by user in C:\work\sts-4.8.0.RELEASE-workspace\lolHi)
2020-10-18 11:33:45 [INFO ] c.sbs.example.lolHi.LolHiApplication - The following profiles are active: local
2020-10-18 11:33:45 [INFO ] o.s.b.d.e.DevToolsPropertyDefaultsPostProcessor - Devtools property defaults active! Set 'spring.devtools.add-properties' to 'false' to disable
2020-10-18 11:33:45 [INFO ] o.s.b.d.e.DevToolsPropertyDefaultsPostProcessor - For additional web related logging consider setting the 'logging.level.web' property to 'DEBUG'
2020-10-18 11:33:46 [INFO ] o.s.b.w.e.tomcat.TomcatWebServer - Tomcat initialized with port(s): 8085 (http)
2020-10-18 11:33:46 [INFO ] o.a.coyote.http11.Http11NioProtocol - Initializing ProtocolHandler ["http-nio-8085"]
2020-10-18 11:33:46 [INFO ] o.a.catalina.core.StandardService - Starting service [Tomcat]
2020-10-18 11:33:46 [INFO ] o.a.catalina.core.StandardEngine - Starting Servlet engine: [Apache Tomcat/9.0.38]
2020-10-18 11:33:46 [INFO ] org.apache.jasper.servlet.TldScanner - At least one JAR was scanned for TLDs yet contained no TLDs. Enable debug logging for this logger for a complete list of JARs that were scanned but no TLDs were found in them. Skipping unneeded JARs during scanning can improve startup time and JSP compilation time.
2020-10-18 11:33:46 [INFO ] o.a.c.c.C.[Tomcat].[localhost].[/] - Initializing Spring embedded WebApplicationContext
2020-10-18 11:33:46 [INFO ] o.s.b.w.s.c.ServletWebServerApplicationContext - Root WebApplicationContext: initialization completed in 940 ms
2020-10-18 11:33:47 [INFO ] o.s.s.c.ThreadPoolTaskExecutor - Initializing ExecutorService 'applicationTaskExecutor'
2020-10-18 11:33:47 [WARN ] o.s.b.d.a.OptionalLiveReloadServer - Unable to start LiveReload server
2020-10-18 11:33:47 [INFO ] o.a.coyote.http11.Http11NioProtocol - Starting ProtocolHandler ["http-nio-8085"]
2020-10-18 11:33:47 [WARN ] o.s.b.w.s.c.AnnotationConfigServletWebServerApplicationContext - Exception encountered during context initialization - cancelling refresh attempt: org.springframework.context.ApplicationContextException: Failed to start bean 'webServerStartStop'; nested exception is org.springframework.boot.web.server.PortInUseException: Port 8085 is already in use
2020-10-18 11:33:47 [INFO ] o.s.s.c.ThreadPoolTaskExecutor - Shutting down ExecutorService 'applicationTaskExecutor'
2020-10-18 11:33:47 [INFO ] o.a.coyote.http11.Http11NioProtocol - Pausing ProtocolHandler ["http-nio-8085"]
2020-10-18 11:33:47 [INFO ] o.a.catalina.core.StandardService - Stopping service [Tomcat]
2020-10-18 11:33:47 [INFO ] o.a.coyote.http11.Http11NioProtocol - Stopping ProtocolHandler ["http-nio-8085"]
2020-10-18 11:33:47 [INFO ] o.a.coyote.http11.Http11NioProtocol - Destroying ProtocolHandler ["http-nio-8085"]
2020-10-18 11:33:47 [INFO ] o.s.b.a.l.ConditionEvaluationReportLoggingListener - 

Error starting ApplicationContext. To display the conditions report re-run your application with 'debug' enabled.
2020-10-18 11:33:47 [ERROR] o.s.b.d.LoggingFailureAnalysisReporter - 

***************************
APPLICATION FAILED TO START
***************************

Description:

Web server failed to start. Port 8085 was already in use.

Action:

Identify and stop the process that's listening on port 8085 or configure this application to listen on another port.

2020-10-18 11:34:03 [INFO ] o.a.c.c.C.[Tomcat-5].[localhost].[/] - Initializing Spring DispatcherServlet 'dispatcherServlet'
2020-10-18 11:34:03 [INFO ] o.s.web.servlet.DispatcherServlet - Initializing Servlet 'dispatcherServlet'
2020-10-18 11:34:03 [INFO ] o.s.web.servlet.DispatcherServlet - Completed initialization in 1 ms
2020-10-18 11:34:06 [INFO ] com.zaxxer.hikari.HikariDataSource - HikariPool-3 - Starting...
2020-10-18 11:34:07 [INFO ] com.zaxxer.hikari.HikariDataSource - HikariPool-3 - Start completed.
2020-10-18 11:34:07 [DEBUG] jdbc.sqltiming -  com.zaxxer.hikari.pool.ProxyPreparedStatement.execute(ProxyPreparedStatement.java:44)
21. INSERT INTO member
		 SET regDate = NOW(),
			updateDate = NOW(),

				loginId = 'zz',

				loginPw = 'zz',

				`name` = 'zz'
 {executed in 10 msec}
2020-10-18 11:34:07 [DEBUG] jdbc.sqltiming -  com.zaxxer.hikari.pool.ProxyStatement.getGeneratedKeys(ProxyStatement.java:230)
21. getGeneratedKeys on query: INSERT INTO member
		 SET regDate = NOW(),
			updateDate = NOW(),

				loginId = 'zz',

				loginPw = 'zz',

				`name` = 'zz'
 {executed in 0 msec}
2020-10-18 11:34:07 [INFO ] jdbc.resultsettable - 
|--------------|
|generated_key |
|--------------|
|1             |
|--------------|

2020-10-18 11:34:07 [DEBUG] jdbc.sqltiming -  com.zaxxer.hikari.pool.ProxyPreparedStatement.execute(ProxyPreparedStatement.java:44)
21. SELECT COUNT(*)
		FROM article
 {executed in 1 msec}
2020-10-18 11:34:07 [INFO ] jdbc.resultsettable - 
|---------|
|count(*) |
|---------|
|2        |
|---------|

2020-10-18 11:34:07 [DEBUG] jdbc.sqltiming -  com.zaxxer.hikari.pool.ProxyPreparedStatement.execute(ProxyPreparedStatement.java:44)
21. SELECT *
		FROM article
		ORDER BY id DESC

			LIMIT 0, 10
 {executed in 1 msec}
2020-10-18 11:34:07 [INFO ] jdbc.resultsettable - 
|---|--------------------|--------------------|------|-----|
|id |regdate             |updatedate          |title |body |
|---|--------------------|--------------------|------|-----|
|2  |2020-10-18 11:28:48 |2020-10-18 11:28:48 |제목2   |내용2  |
|1  |2020-10-18 11:28:48 |2020-10-18 11:28:48 |제목1   |내용1  |
|---|--------------------|--------------------|------|-----|

2020-10-18 11:34:54 [INFO ] o.s.b.a.SpringApplicationAdminMXBeanRegistrar$SpringApplicationAdmin - Application shutdown requested.
2020-10-18 11:34:54 [INFO ] o.s.s.c.ThreadPoolTaskExecutor - Shutting down ExecutorService 'applicationTaskExecutor'
2020-10-18 11:34:54 [INFO ] com.zaxxer.hikari.HikariDataSource - HikariPool-3 - Shutdown initiated...
2020-10-18 11:34:54 [INFO ] com.zaxxer.hikari.HikariDataSource - HikariPool-3 - Shutdown completed.
