2020-11-13 17:51:54 [INFO ] c.sbs.example.lolHi.LolHiApplication - Starting LolHiApplication on DESKTOP-S799PEG with PID 4892 (C:\work\sts-4.8.0.RELEASE-workspace\lolHi\target\classes started by user in C:\work\sts-4.8.0.RELEASE-workspace\lolHi)
2020-11-13 17:51:54 [INFO ] c.sbs.example.lolHi.LolHiApplication - The following profiles are active: local
2020-11-13 17:51:54 [INFO ] o.s.b.d.e.DevToolsPropertyDefaultsPostProcessor - Devtools property defaults active! Set 'spring.devtools.add-properties' to 'false' to disable
2020-11-13 17:51:54 [INFO ] o.s.b.d.e.DevToolsPropertyDefaultsPostProcessor - For additional web related logging consider setting the 'logging.level.web' property to 'DEBUG'
2020-11-13 17:51:55 [INFO ] o.s.b.w.e.tomcat.TomcatWebServer - Tomcat initialized with port(s): 8085 (http)
2020-11-13 17:51:55 [INFO ] o.a.coyote.http11.Http11NioProtocol - Initializing ProtocolHandler ["http-nio-8085"]
2020-11-13 17:51:55 [INFO ] o.a.catalina.core.StandardService - Starting service [Tomcat]
2020-11-13 17:51:55 [INFO ] o.a.catalina.core.StandardEngine - Starting Servlet engine: [Apache Tomcat/9.0.38]
2020-11-13 17:51:55 [INFO ] org.apache.jasper.servlet.TldScanner - At least one JAR was scanned for TLDs yet contained no TLDs. Enable debug logging for this logger for a complete list of JARs that were scanned but no TLDs were found in them. Skipping unneeded JARs during scanning can improve startup time and JSP compilation time.
2020-11-13 17:51:55 [INFO ] o.a.c.c.C.[Tomcat].[localhost].[/] - Initializing Spring embedded WebApplicationContext
2020-11-13 17:51:55 [INFO ] o.s.b.w.s.c.ServletWebServerApplicationContext - Root WebApplicationContext: initialization completed in 1062 ms
2020-11-13 17:51:55 [INFO ] o.s.s.c.ThreadPoolTaskExecutor - Initializing ExecutorService 'applicationTaskExecutor'
2020-11-13 17:51:56 [INFO ] o.s.b.d.a.OptionalLiveReloadServer - LiveReload server is running on port 35729
2020-11-13 17:51:56 [INFO ] o.a.coyote.http11.Http11NioProtocol - Starting ProtocolHandler ["http-nio-8085"]
2020-11-13 17:51:56 [INFO ] o.s.b.w.e.tomcat.TomcatWebServer - Tomcat started on port(s): 8085 (http) with context path ''
2020-11-13 17:51:56 [INFO ] c.sbs.example.lolHi.LolHiApplication - Started LolHiApplication in 1.939 seconds (JVM running for 2.712)
2020-11-13 17:52:03 [INFO ] o.a.c.c.C.[Tomcat].[localhost].[/] - Initializing Spring DispatcherServlet 'dispatcherServlet'
2020-11-13 17:52:03 [INFO ] o.s.web.servlet.DispatcherServlet - Initializing Servlet 'dispatcherServlet'
2020-11-13 17:52:03 [INFO ] o.s.web.servlet.DispatcherServlet - Completed initialization in 5 ms
2020-11-13 17:52:10 [INFO ] com.zaxxer.hikari.HikariDataSource - HikariPool-1 - Starting...
2020-11-13 17:52:10 [INFO ] com.zaxxer.hikari.HikariDataSource - HikariPool-1 - Start completed.
2020-11-13 17:52:10 [DEBUG] jdbc.sqltiming -  com.zaxxer.hikari.pool.ProxyPreparedStatement.execute(ProxyPreparedStatement.java:44)
1. SELECT *
		FROM member
		WHERE loginId = 'test1'
 {executed in 6 msec}
2020-11-13 17:52:10 [INFO ] jdbc.resultsettable - 
|---|--------------------|--------------------|--------|--------|-----|
|id |regdate             |updatedate          |loginid |loginpw |name |
|---|--------------------|--------------------|--------|--------|-----|
|1  |2020-11-13 17:51:38 |2020-11-13 17:51:38 |test1   |test1   |홍길동  |
|---|--------------------|--------------------|--------|--------|-----|

2020-11-13 17:52:11 [DEBUG] jdbc.sqltiming -  com.zaxxer.hikari.pool.ProxyPreparedStatement.execute(ProxyPreparedStatement.java:44)
1. SELECT *
		FROM member
		WHERE id = 1
 {executed in 0 msec}
2020-11-13 17:52:11 [INFO ] jdbc.resultsettable - 
|---|--------------------|--------------------|--------|--------|-----|
|id |regdate             |updatedate          |loginid |loginpw |name |
|---|--------------------|--------------------|--------|--------|-----|
|1  |2020-11-13 17:51:38 |2020-11-13 17:51:38 |test1   |test1   |홍길동  |
|---|--------------------|--------------------|--------|--------|-----|

2020-11-13 17:52:11 [DEBUG] jdbc.sqltiming -  com.zaxxer.hikari.pool.ProxyPreparedStatement.execute(ProxyPreparedStatement.java:44)
1. SELECT *
		FROM member
		WHERE id = 1
 {executed in 1 msec}
2020-11-13 17:52:11 [INFO ] jdbc.resultsettable - 
|---|--------------------|--------------------|--------|--------|-----|
|id |regdate             |updatedate          |loginid |loginpw |name |
|---|--------------------|--------------------|--------|--------|-----|
|1  |2020-11-13 17:51:38 |2020-11-13 17:51:38 |test1   |test1   |홍길동  |
|---|--------------------|--------------------|--------|--------|-----|

2020-11-13 17:52:14 [DEBUG] jdbc.sqltiming -  com.zaxxer.hikari.pool.ProxyPreparedStatement.execute(ProxyPreparedStatement.java:44)
1. SELECT *
		FROM member
		WHERE id = 1
 {executed in 1 msec}
2020-11-13 17:52:14 [INFO ] jdbc.resultsettable - 
|---|--------------------|--------------------|--------|--------|-----|
|id |regdate             |updatedate          |loginid |loginpw |name |
|---|--------------------|--------------------|--------|--------|-----|
|1  |2020-11-13 17:51:38 |2020-11-13 17:51:38 |test1   |test1   |홍길동  |
|---|--------------------|--------------------|--------|--------|-----|

2020-11-13 17:52:25 [DEBUG] jdbc.sqltiming -  com.zaxxer.hikari.pool.ProxyPreparedStatement.execute(ProxyPreparedStatement.java:44)
1. SELECT *
		FROM member
		WHERE id = 1
 {executed in 1 msec}
2020-11-13 17:52:25 [INFO ] jdbc.resultsettable - 
|---|--------------------|--------------------|--------|--------|-----|
|id |regdate             |updatedate          |loginid |loginpw |name |
|---|--------------------|--------------------|--------|--------|-----|
|1  |2020-11-13 17:51:38 |2020-11-13 17:51:38 |test1   |test1   |홍길동  |
|---|--------------------|--------------------|--------|--------|-----|

2020-11-13 17:52:34 [DEBUG] jdbc.sqltiming -  com.zaxxer.hikari.pool.ProxyPreparedStatement.execute(ProxyPreparedStatement.java:44)
1. SELECT *
		FROM member
		WHERE id = 1
 {executed in 1 msec}
2020-11-13 17:52:34 [INFO ] jdbc.resultsettable - 
|---|--------------------|--------------------|--------|--------|-----|
|id |regdate             |updatedate          |loginid |loginpw |name |
|---|--------------------|--------------------|--------|--------|-----|
|1  |2020-11-13 17:51:38 |2020-11-13 17:51:38 |test1   |test1   |홍길동  |
|---|--------------------|--------------------|--------|--------|-----|

2020-11-13 17:52:34 [DEBUG] jdbc.sqltiming -  com.zaxxer.hikari.pool.ProxyPreparedStatement.execute(ProxyPreparedStatement.java:44)
1. SELECT *
		FROM member
		WHERE loginId = 'user1'
 {executed in 0 msec}
2020-11-13 17:52:34 [INFO ] jdbc.resultsettable - 
|---|--------|-----------|--------|--------|-----|
|id |regdate |updatedate |loginid |loginpw |name |
|---|--------|-----------|--------|--------|-----|
|---|--------|-----------|--------|--------|-----|

2020-11-13 17:52:34 [DEBUG] jdbc.sqltiming -  com.zaxxer.hikari.pool.ProxyPreparedStatement.execute(ProxyPreparedStatement.java:44)
1. INSERT INTO member
		 SET regDate = NOW(),
			updateDate = NOW(),

				loginId = 'user1',

				loginPw = 'user1',

				`name` = '홍길순순'
 {executed in 3 msec}
2020-11-13 17:52:34 [DEBUG] jdbc.sqltiming -  com.zaxxer.hikari.pool.ProxyStatement.getGeneratedKeys(ProxyStatement.java:230)
1. getGeneratedKeys on query: INSERT INTO member
		 SET regDate = NOW(),
			updateDate = NOW(),

				loginId = 'user1',

				loginPw = 'user1',

				`name` = '홍길순순'
 {executed in 1 msec}
2020-11-13 17:52:34 [INFO ] jdbc.resultsettable - 
|--------------|
|generated_key |
|--------------|
|3             |
|--------------|

2020-11-13 17:52:34 [DEBUG] jdbc.sqltiming -  com.zaxxer.hikari.pool.ProxyPreparedStatement.execute(ProxyPreparedStatement.java:44)
1. SELECT *
		FROM member
		WHERE id = 1
 {executed in 0 msec}
2020-11-13 17:52:34 [INFO ] jdbc.resultsettable - 
|---|--------------------|--------------------|--------|--------|-----|
|id |regdate             |updatedate          |loginid |loginpw |name |
|---|--------------------|--------------------|--------|--------|-----|
|1  |2020-11-13 17:51:38 |2020-11-13 17:51:38 |test1   |test1   |홍길동  |
|---|--------------------|--------------------|--------|--------|-----|

2020-11-13 17:53:30 [DEBUG] jdbc.sqltiming -  com.zaxxer.hikari.pool.ProxyPreparedStatement.execute(ProxyPreparedStatement.java:44)
1. SELECT *
		FROM member
		WHERE id = 1
 {executed in 0 msec}
2020-11-13 17:53:30 [INFO ] jdbc.resultsettable - 
|---|--------------------|--------------------|--------|--------|-----|
|id |regdate             |updatedate          |loginid |loginpw |name |
|---|--------------------|--------------------|--------|--------|-----|
|1  |2020-11-13 17:51:38 |2020-11-13 17:51:38 |test1   |test1   |홍길동  |
|---|--------------------|--------------------|--------|--------|-----|

2020-11-13 17:53:32 [DEBUG] jdbc.sqltiming -  com.zaxxer.hikari.pool.ProxyPreparedStatement.execute(ProxyPreparedStatement.java:44)
1. SELECT *
		FROM member
		WHERE id = 1
 {executed in 0 msec}
2020-11-13 17:53:32 [INFO ] jdbc.resultsettable - 
|---|--------------------|--------------------|--------|--------|-----|
|id |regdate             |updatedate          |loginid |loginpw |name |
|---|--------------------|--------------------|--------|--------|-----|
|1  |2020-11-13 17:51:38 |2020-11-13 17:51:38 |test1   |test1   |홍길동  |
|---|--------------------|--------------------|--------|--------|-----|

2020-11-13 17:53:32 [DEBUG] jdbc.sqltiming -  com.zaxxer.hikari.pool.ProxyPreparedStatement.execute(ProxyPreparedStatement.java:44)
1. SELECT *
		FROM member
		WHERE id = 1
 {executed in 1 msec}
2020-11-13 17:53:32 [INFO ] jdbc.resultsettable - 
|---|--------------------|--------------------|--------|--------|-----|
|id |regdate             |updatedate          |loginid |loginpw |name |
|---|--------------------|--------------------|--------|--------|-----|
|1  |2020-11-13 17:51:38 |2020-11-13 17:51:38 |test1   |test1   |홍길동  |
|---|--------------------|--------------------|--------|--------|-----|

2020-11-13 17:53:32 [DEBUG] jdbc.sqltiming -  com.zaxxer.hikari.pool.ProxyPreparedStatement.execute(ProxyPreparedStatement.java:44)
1. SELECT *
		FROM member
		WHERE id = 1
 {executed in 1 msec}
2020-11-13 17:53:32 [INFO ] jdbc.resultsettable - 
|---|--------------------|--------------------|--------|--------|-----|
|id |regdate             |updatedate          |loginid |loginpw |name |
|---|--------------------|--------------------|--------|--------|-----|
|1  |2020-11-13 17:51:38 |2020-11-13 17:51:38 |test1   |test1   |홍길동  |
|---|--------------------|--------------------|--------|--------|-----|

2020-11-13 17:53:34 [DEBUG] jdbc.sqltiming -  com.zaxxer.hikari.pool.ProxyPreparedStatement.execute(ProxyPreparedStatement.java:44)
1. SELECT *
		FROM member
		WHERE id = 1
 {executed in 1 msec}
2020-11-13 17:53:34 [INFO ] jdbc.resultsettable - 
|---|--------------------|--------------------|--------|--------|-----|
|id |regdate             |updatedate          |loginid |loginpw |name |
|---|--------------------|--------------------|--------|--------|-----|
|1  |2020-11-13 17:51:38 |2020-11-13 17:51:38 |test1   |test1   |홍길동  |
|---|--------------------|--------------------|--------|--------|-----|

2020-11-13 17:53:34 [DEBUG] jdbc.sqltiming -  com.zaxxer.hikari.pool.ProxyPreparedStatement.execute(ProxyPreparedStatement.java:44)
1. SELECT *
		FROM board
		WHERE code = 'notice'
 {executed in 0 msec}
2020-11-13 17:53:34 [INFO ] jdbc.resultsettable - 
|---|--------------------|--------------------|-----|-------|
|id |regdate             |updatedate          |name |code   |
|---|--------------------|--------------------|-----|-------|
|1  |2020-11-13 17:51:39 |2020-11-13 17:51:39 |공지사항 |notice |
|---|--------------------|--------------------|-----|-------|

2020-11-13 17:53:34 [DEBUG] jdbc.sqltiming -  com.zaxxer.hikari.pool.ProxyPreparedStatement.execute(ProxyPreparedStatement.java:44)
1. SELECT COUNT(*)
		FROM article
		WHERE 1

			AND boardId = 1
 {executed in 1 msec}
2020-11-13 17:53:34 [INFO ] jdbc.resultsettable - 
|---------|
|count(*) |
|---------|
|2        |
|---------|

2020-11-13 17:53:34 [DEBUG] jdbc.sqltiming -  com.zaxxer.hikari.pool.ProxyPreparedStatement.execute(ProxyPreparedStatement.java:44)
1. SELECT A.*,
		M.name AS extra__writer
		FROM article AS A
		INNER JOIN member AS M
		ON A.memberId = M.id
		WHERE 1

			AND A.boardId = 1

		ORDER BY A.id DESC

			LIMIT 0, 10
 {executed in 2 msec}
2020-11-13 17:53:34 [INFO ] jdbc.resultsettable - 
|---|--------------------|--------------------|--------|---------|------|-----|--------------|
|id |regdate             |updatedate          |boardid |memberid |title |body |extra__writer |
|---|--------------------|--------------------|--------|---------|------|-----|--------------|
|2  |2020-11-13 17:51:38 |2020-11-13 17:51:38 |1       |1        |제목2   |내용2  |홍길동           |
|1  |2020-11-13 17:51:38 |2020-11-13 17:51:38 |1       |1        |제목1   |내용1  |홍길동           |
|---|--------------------|--------------------|--------|---------|------|-----|--------------|

2020-11-13 17:53:36 [DEBUG] jdbc.sqltiming -  com.zaxxer.hikari.pool.ProxyPreparedStatement.execute(ProxyPreparedStatement.java:44)
1. SELECT *
		FROM member
		WHERE id = 1
 {executed in 1 msec}
2020-11-13 17:53:36 [INFO ] jdbc.resultsettable - 
|---|--------------------|--------------------|--------|--------|-----|
|id |regdate             |updatedate          |loginid |loginpw |name |
|---|--------------------|--------------------|--------|--------|-----|
|1  |2020-11-13 17:51:38 |2020-11-13 17:51:38 |test1   |test1   |홍길동  |
|---|--------------------|--------------------|--------|--------|-----|

2020-11-13 17:53:36 [DEBUG] jdbc.sqltiming -  com.zaxxer.hikari.pool.ProxyPreparedStatement.execute(ProxyPreparedStatement.java:44)
1. SELECT *
		FROM board
		WHERE code = 'free'
 {executed in 1 msec}
2020-11-13 17:53:36 [INFO ] jdbc.resultsettable - 
|---|--------------------|--------------------|-----|-----|
|id |regdate             |updatedate          |name |code |
|---|--------------------|--------------------|-----|-----|
|2  |2020-11-13 17:51:39 |2020-11-13 17:51:39 |자유   |free |
|---|--------------------|--------------------|-----|-----|

2020-11-13 17:53:36 [DEBUG] jdbc.sqltiming -  com.zaxxer.hikari.pool.ProxyPreparedStatement.execute(ProxyPreparedStatement.java:44)
1. SELECT COUNT(*)
		FROM article
		WHERE 1

			AND boardId = 2
 {executed in 1 msec}
2020-11-13 17:53:36 [INFO ] jdbc.resultsettable - 
|---------|
|count(*) |
|---------|
|0        |
|---------|

2020-11-13 17:53:36 [DEBUG] jdbc.sqltiming -  com.zaxxer.hikari.pool.ProxyPreparedStatement.execute(ProxyPreparedStatement.java:44)
1. SELECT A.*,
		M.name AS extra__writer
		FROM article AS A
		INNER JOIN member AS M
		ON A.memberId = M.id
		WHERE 1

			AND A.boardId = 2

		ORDER BY A.id DESC

			LIMIT 0, 10
 {executed in 0 msec}
2020-11-13 17:53:36 [INFO ] jdbc.resultsettable - 
|---|--------|-----------|--------|---------|------|-----|--------------|
|id |regdate |updatedate |boardid |memberid |title |body |extra__writer |
|---|--------|-----------|--------|---------|------|-----|--------------|
|---|--------|-----------|--------|---------|------|-----|--------------|

2020-11-13 17:53:37 [DEBUG] jdbc.sqltiming -  com.zaxxer.hikari.pool.ProxyPreparedStatement.execute(ProxyPreparedStatement.java:44)
1. SELECT *
		FROM member
		WHERE id = 1
 {executed in 1 msec}
2020-11-13 17:53:37 [INFO ] jdbc.resultsettable - 
|---|--------------------|--------------------|--------|--------|-----|
|id |regdate             |updatedate          |loginid |loginpw |name |
|---|--------------------|--------------------|--------|--------|-----|
|1  |2020-11-13 17:51:38 |2020-11-13 17:51:38 |test1   |test1   |홍길동  |
|---|--------------------|--------------------|--------|--------|-----|

2020-11-13 17:53:48 [INFO ] o.s.b.a.SpringApplicationAdminMXBeanRegistrar$SpringApplicationAdmin - Application shutdown requested.
2020-11-13 17:53:48 [INFO ] o.s.s.c.ThreadPoolTaskExecutor - Shutting down ExecutorService 'applicationTaskExecutor'
2020-11-13 17:53:48 [INFO ] com.zaxxer.hikari.HikariDataSource - HikariPool-1 - Shutdown initiated...
2020-11-13 17:53:48 [INFO ] com.zaxxer.hikari.HikariDataSource - HikariPool-1 - Shutdown completed.
