2020-11-14 23:24:20 [INFO ] c.sbs.example.lolHi.LolHiApplication - Starting LolHiApplication on DESKTOP-S799PEG with PID 12252 (C:\work\sts-4.8.0.RELEASE-workspace\lolHi\target\classes started by user in C:\work\sts-4.8.0.RELEASE-workspace\lolHi)
2020-11-14 23:24:20 [INFO ] c.sbs.example.lolHi.LolHiApplication - The following profiles are active: local
2020-11-14 23:24:20 [INFO ] o.s.b.d.e.DevToolsPropertyDefaultsPostProcessor - Devtools property defaults active! Set 'spring.devtools.add-properties' to 'false' to disable
2020-11-14 23:24:20 [INFO ] o.s.b.d.e.DevToolsPropertyDefaultsPostProcessor - For additional web related logging consider setting the 'logging.level.web' property to 'DEBUG'
2020-11-14 23:24:21 [INFO ] o.s.b.w.e.tomcat.TomcatWebServer - Tomcat initialized with port(s): 8085 (http)
2020-11-14 23:24:21 [INFO ] o.a.coyote.http11.Http11NioProtocol - Initializing ProtocolHandler ["http-nio-8085"]
2020-11-14 23:24:21 [INFO ] o.a.catalina.core.StandardService - Starting service [Tomcat]
2020-11-14 23:24:21 [INFO ] o.a.catalina.core.StandardEngine - Starting Servlet engine: [Apache Tomcat/9.0.38]
2020-11-14 23:24:21 [INFO ] org.apache.jasper.servlet.TldScanner - At least one JAR was scanned for TLDs yet contained no TLDs. Enable debug logging for this logger for a complete list of JARs that were scanned but no TLDs were found in them. Skipping unneeded JARs during scanning can improve startup time and JSP compilation time.
2020-11-14 23:24:21 [INFO ] o.a.c.c.C.[Tomcat].[localhost].[/] - Initializing Spring embedded WebApplicationContext
2020-11-14 23:24:21 [INFO ] o.s.b.w.s.c.ServletWebServerApplicationContext - Root WebApplicationContext: initialization completed in 1175 ms
2020-11-14 23:24:22 [INFO ] o.s.s.c.ThreadPoolTaskExecutor - Initializing ExecutorService 'applicationTaskExecutor'
2020-11-14 23:24:22 [INFO ] o.s.b.d.a.OptionalLiveReloadServer - LiveReload server is running on port 35729
2020-11-14 23:24:22 [INFO ] o.a.coyote.http11.Http11NioProtocol - Starting ProtocolHandler ["http-nio-8085"]
2020-11-14 23:24:22 [INFO ] o.s.b.w.e.tomcat.TomcatWebServer - Tomcat started on port(s): 8085 (http) with context path ''
2020-11-14 23:24:22 [INFO ] c.sbs.example.lolHi.LolHiApplication - Started LolHiApplication in 2.086 seconds (JVM running for 3.311)
2020-11-14 23:24:28 [INFO ] o.a.c.c.C.[Tomcat].[localhost].[/] - Initializing Spring DispatcherServlet 'dispatcherServlet'
2020-11-14 23:24:28 [INFO ] o.s.web.servlet.DispatcherServlet - Initializing Servlet 'dispatcherServlet'
2020-11-14 23:24:28 [INFO ] o.s.web.servlet.DispatcherServlet - Completed initialization in 4 ms
2020-11-14 23:24:28 [INFO ] com.zaxxer.hikari.HikariDataSource - HikariPool-1 - Starting...
2020-11-14 23:24:28 [INFO ] com.zaxxer.hikari.HikariDataSource - HikariPool-1 - Start completed.
2020-11-14 23:24:28 [DEBUG] jdbc.sqltiming -  com.zaxxer.hikari.pool.ProxyPreparedStatement.execute(ProxyPreparedStatement.java:44)
1. SELECT *
		FROM board
		WHERE code = 'free'
 {executed in 6 msec}
2020-11-14 23:24:29 [INFO ] jdbc.resultsettable - 
|---|--------------------|--------------------|-----|-----|
|id |regdate             |updatedate          |name |code |
|---|--------------------|--------------------|-----|-----|
|2  |2020-11-14 23:21:17 |2020-11-14 23:21:17 |자유   |free |
|---|--------------------|--------------------|-----|-----|

2020-11-14 23:24:29 [DEBUG] jdbc.sqltiming -  com.zaxxer.hikari.pool.ProxyPreparedStatement.execute(ProxyPreparedStatement.java:44)
1. SELECT COUNT(*)
		FROM article
		WHERE 1

			AND boardId = 2
 {executed in 1 msec}
2020-11-14 23:24:29 [INFO ] jdbc.resultsettable - 
|---------|
|count(*) |
|---------|
|0        |
|---------|

2020-11-14 23:24:29 [DEBUG] jdbc.sqltiming -  com.zaxxer.hikari.pool.ProxyPreparedStatement.execute(ProxyPreparedStatement.java:44)
1. SELECT A.*,
		M.name AS extra__writer
		FROM article AS A
		INNER JOIN member AS M
		ON A.memberId = M.id
		WHERE 1

			AND A.boardId = 2

		ORDER BY A.id DESC

			LIMIT 0, 10
 {executed in 1 msec}
2020-11-14 23:24:29 [INFO ] jdbc.resultsettable - 
|---|--------|-----------|--------|---------|------|-----|--------------|
|id |regdate |updatedate |boardid |memberid |title |body |extra__writer |
|---|--------|-----------|--------|---------|------|-----|--------------|
|---|--------|-----------|--------|---------|------|-----|--------------|

2020-11-14 23:24:32 [DEBUG] jdbc.sqltiming -  com.zaxxer.hikari.pool.ProxyPreparedStatement.execute(ProxyPreparedStatement.java:44)
1. SELECT *
		FROM board
		WHERE code = 'free'
 {executed in 1 msec}
2020-11-14 23:24:32 [INFO ] jdbc.resultsettable - 
|---|--------------------|--------------------|-----|-----|
|id |regdate             |updatedate          |name |code |
|---|--------------------|--------------------|-----|-----|
|2  |2020-11-14 23:21:17 |2020-11-14 23:21:17 |자유   |free |
|---|--------------------|--------------------|-----|-----|

2020-11-14 23:24:32 [DEBUG] jdbc.sqltiming -  com.zaxxer.hikari.pool.ProxyPreparedStatement.execute(ProxyPreparedStatement.java:44)
1. SELECT COUNT(*)
		FROM article
		WHERE 1

			AND boardId = 2

			AND title LIKE CONCAT('%', 'dd', '%')
 {executed in 1 msec}
2020-11-14 23:24:32 [INFO ] jdbc.resultsettable - 
|---------|
|count(*) |
|---------|
|0        |
|---------|

2020-11-14 23:24:32 [DEBUG] jdbc.sqltiming -  com.zaxxer.hikari.pool.ProxyPreparedStatement.execute(ProxyPreparedStatement.java:44)
1. SELECT A.*,
		M.name AS extra__writer
		FROM article AS A
		INNER JOIN member AS M
		ON A.memberId = M.id
		WHERE 1

			AND A.boardId = 2

			AND A.title LIKE CONCAT('%', 'dd', '%')

		ORDER BY A.id DESC

			LIMIT 0, 10
 {executed in 0 msec}
2020-11-14 23:24:32 [INFO ] jdbc.resultsettable - 
|---|--------|-----------|--------|---------|------|-----|--------------|
|id |regdate |updatedate |boardid |memberid |title |body |extra__writer |
|---|--------|-----------|--------|---------|------|-----|--------------|
|---|--------|-----------|--------|---------|------|-----|--------------|

2020-11-14 23:24:33 [DEBUG] jdbc.sqltiming -  com.zaxxer.hikari.pool.ProxyPreparedStatement.execute(ProxyPreparedStatement.java:44)
1. SELECT *
		FROM board
		WHERE code = 'free'
 {executed in 1 msec}
2020-11-14 23:24:33 [INFO ] jdbc.resultsettable - 
|---|--------------------|--------------------|-----|-----|
|id |regdate             |updatedate          |name |code |
|---|--------------------|--------------------|-----|-----|
|2  |2020-11-14 23:21:17 |2020-11-14 23:21:17 |자유   |free |
|---|--------------------|--------------------|-----|-----|

2020-11-14 23:24:34 [DEBUG] jdbc.sqltiming -  com.zaxxer.hikari.pool.ProxyPreparedStatement.execute(ProxyPreparedStatement.java:44)
1. SELECT COUNT(*)
		FROM article
		WHERE 1

			AND boardId = 2

			AND title LIKE CONCAT('%', 'dddd', '%')
 {executed in 1 msec}
2020-11-14 23:24:34 [INFO ] jdbc.resultsettable - 
|---------|
|count(*) |
|---------|
|0        |
|---------|

2020-11-14 23:24:34 [DEBUG] jdbc.sqltiming -  com.zaxxer.hikari.pool.ProxyPreparedStatement.execute(ProxyPreparedStatement.java:44)
1. SELECT A.*,
		M.name AS extra__writer
		FROM article AS A
		INNER JOIN member AS M
		ON A.memberId = M.id
		WHERE 1

			AND A.boardId = 2

			AND A.title LIKE CONCAT('%', 'dddd', '%')

		ORDER BY A.id DESC

			LIMIT 0, 10
 {executed in 0 msec}
2020-11-14 23:24:34 [INFO ] jdbc.resultsettable - 
|---|--------|-----------|--------|---------|------|-----|--------------|
|id |regdate |updatedate |boardid |memberid |title |body |extra__writer |
|---|--------|-----------|--------|---------|------|-----|--------------|
|---|--------|-----------|--------|---------|------|-----|--------------|

2020-11-14 23:24:41 [DEBUG] jdbc.sqltiming -  com.zaxxer.hikari.pool.ProxyPreparedStatement.execute(ProxyPreparedStatement.java:44)
1. SELECT *
		FROM board
		WHERE code = 'notice'
 {executed in 0 msec}
2020-11-14 23:24:41 [INFO ] jdbc.resultsettable - 
|---|--------------------|--------------------|-----|-------|
|id |regdate             |updatedate          |name |code   |
|---|--------------------|--------------------|-----|-------|
|1  |2020-11-14 23:21:17 |2020-11-14 23:21:17 |공지사항 |notice |
|---|--------------------|--------------------|-----|-------|

2020-11-14 23:24:41 [DEBUG] jdbc.sqltiming -  com.zaxxer.hikari.pool.ProxyPreparedStatement.execute(ProxyPreparedStatement.java:44)
1. SELECT COUNT(*)
		FROM article
		WHERE 1

			AND boardId = 1
 {executed in 0 msec}
2020-11-14 23:24:41 [INFO ] jdbc.resultsettable - 
|---------|
|count(*) |
|---------|
|2        |
|---------|

2020-11-14 23:24:41 [DEBUG] jdbc.sqltiming -  com.zaxxer.hikari.pool.ProxyPreparedStatement.execute(ProxyPreparedStatement.java:44)
1. SELECT A.*,
		M.name AS extra__writer
		FROM article AS A
		INNER JOIN member AS M
		ON A.memberId = M.id
		WHERE 1

			AND A.boardId = 1

		ORDER BY A.id DESC

			LIMIT 0, 10
 {executed in 2 msec}
2020-11-14 23:24:41 [INFO ] jdbc.resultsettable - 
|---|--------------------|--------------------|--------|---------|------|-----|--------------|
|id |regdate             |updatedate          |boardid |memberid |title |body |extra__writer |
|---|--------------------|--------------------|--------|---------|------|-----|--------------|
|2  |2020-11-14 23:21:17 |2020-11-14 23:21:17 |1       |1        |제목2   |내용2  |홍길동           |
|1  |2020-11-14 23:21:17 |2020-11-14 23:21:17 |1       |1        |제목1   |내용1  |홍길동           |
|---|--------------------|--------------------|--------|---------|------|-----|--------------|

2020-11-14 23:24:42 [DEBUG] jdbc.sqltiming -  com.zaxxer.hikari.pool.ProxyPreparedStatement.execute(ProxyPreparedStatement.java:44)
1. SELECT *
		FROM board
		WHERE code = 'free'
 {executed in 1 msec}
2020-11-14 23:24:42 [INFO ] jdbc.resultsettable - 
|---|--------------------|--------------------|-----|-----|
|id |regdate             |updatedate          |name |code |
|---|--------------------|--------------------|-----|-----|
|2  |2020-11-14 23:21:17 |2020-11-14 23:21:17 |자유   |free |
|---|--------------------|--------------------|-----|-----|

2020-11-14 23:24:42 [DEBUG] jdbc.sqltiming -  com.zaxxer.hikari.pool.ProxyPreparedStatement.execute(ProxyPreparedStatement.java:44)
1. SELECT COUNT(*)
		FROM article
		WHERE 1

			AND boardId = 2
 {executed in 0 msec}
2020-11-14 23:24:42 [INFO ] jdbc.resultsettable - 
|---------|
|count(*) |
|---------|
|0        |
|---------|

2020-11-14 23:24:42 [DEBUG] jdbc.sqltiming -  com.zaxxer.hikari.pool.ProxyPreparedStatement.execute(ProxyPreparedStatement.java:44)
1. SELECT A.*,
		M.name AS extra__writer
		FROM article AS A
		INNER JOIN member AS M
		ON A.memberId = M.id
		WHERE 1

			AND A.boardId = 2

		ORDER BY A.id DESC

			LIMIT 0, 10
 {executed in 0 msec}
2020-11-14 23:24:42 [INFO ] jdbc.resultsettable - 
|---|--------|-----------|--------|---------|------|-----|--------------|
|id |regdate |updatedate |boardid |memberid |title |body |extra__writer |
|---|--------|-----------|--------|---------|------|-----|--------------|
|---|--------|-----------|--------|---------|------|-----|--------------|

2020-11-14 23:24:43 [DEBUG] jdbc.sqltiming -  com.zaxxer.hikari.pool.ProxyPreparedStatement.execute(ProxyPreparedStatement.java:44)
1. SELECT *
		FROM board
		WHERE code = 'notice'
 {executed in 1 msec}
2020-11-14 23:24:43 [INFO ] jdbc.resultsettable - 
|---|--------------------|--------------------|-----|-------|
|id |regdate             |updatedate          |name |code   |
|---|--------------------|--------------------|-----|-------|
|1  |2020-11-14 23:21:17 |2020-11-14 23:21:17 |공지사항 |notice |
|---|--------------------|--------------------|-----|-------|

2020-11-14 23:24:43 [DEBUG] jdbc.sqltiming -  com.zaxxer.hikari.pool.ProxyPreparedStatement.execute(ProxyPreparedStatement.java:44)
1. SELECT COUNT(*)
		FROM article
		WHERE 1

			AND boardId = 1
 {executed in 0 msec}
2020-11-14 23:24:43 [INFO ] jdbc.resultsettable - 
|---------|
|count(*) |
|---------|
|2        |
|---------|

2020-11-14 23:24:43 [DEBUG] jdbc.sqltiming -  com.zaxxer.hikari.pool.ProxyPreparedStatement.execute(ProxyPreparedStatement.java:44)
1. SELECT A.*,
		M.name AS extra__writer
		FROM article AS A
		INNER JOIN member AS M
		ON A.memberId = M.id
		WHERE 1

			AND A.boardId = 1

		ORDER BY A.id DESC

			LIMIT 0, 10
 {executed in 0 msec}
2020-11-14 23:24:43 [INFO ] jdbc.resultsettable - 
|---|--------------------|--------------------|--------|---------|------|-----|--------------|
|id |regdate             |updatedate          |boardid |memberid |title |body |extra__writer |
|---|--------------------|--------------------|--------|---------|------|-----|--------------|
|2  |2020-11-14 23:21:17 |2020-11-14 23:21:17 |1       |1        |제목2   |내용2  |홍길동           |
|1  |2020-11-14 23:21:17 |2020-11-14 23:21:17 |1       |1        |제목1   |내용1  |홍길동           |
|---|--------------------|--------------------|--------|---------|------|-----|--------------|

2020-11-14 23:24:46 [DEBUG] jdbc.sqltiming -  com.zaxxer.hikari.pool.ProxyPreparedStatement.execute(ProxyPreparedStatement.java:44)
1. SELECT *
		FROM member
		WHERE loginId = 'test1'
 {executed in 1 msec}
2020-11-14 23:24:46 [INFO ] jdbc.resultsettable - 
|---|--------------------|--------------------|--------|--------|-----|
|id |regdate             |updatedate          |loginid |loginpw |name |
|---|--------------------|--------------------|--------|--------|-----|
|1  |2020-11-14 23:21:17 |2020-11-14 23:21:17 |test1   |test1   |홍길동  |
|---|--------------------|--------------------|--------|--------|-----|

2020-11-14 23:24:47 [DEBUG] jdbc.sqltiming -  com.zaxxer.hikari.pool.ProxyPreparedStatement.execute(ProxyPreparedStatement.java:44)
1. SELECT *
		FROM member
		WHERE id = 1
 {executed in 1 msec}
2020-11-14 23:24:47 [INFO ] jdbc.resultsettable - 
|---|--------------------|--------------------|--------|--------|-----|
|id |regdate             |updatedate          |loginid |loginpw |name |
|---|--------------------|--------------------|--------|--------|-----|
|1  |2020-11-14 23:21:17 |2020-11-14 23:21:17 |test1   |test1   |홍길동  |
|---|--------------------|--------------------|--------|--------|-----|

2020-11-14 23:24:47 [DEBUG] jdbc.sqltiming -  com.zaxxer.hikari.pool.ProxyPreparedStatement.execute(ProxyPreparedStatement.java:44)
1. SELECT *
		FROM member
		WHERE id = 1
 {executed in 1 msec}
2020-11-14 23:24:47 [INFO ] jdbc.resultsettable - 
|---|--------------------|--------------------|--------|--------|-----|
|id |regdate             |updatedate          |loginid |loginpw |name |
|---|--------------------|--------------------|--------|--------|-----|
|1  |2020-11-14 23:21:17 |2020-11-14 23:21:17 |test1   |test1   |홍길동  |
|---|--------------------|--------------------|--------|--------|-----|

2020-11-14 23:24:50 [DEBUG] jdbc.sqltiming -  com.zaxxer.hikari.pool.ProxyPreparedStatement.execute(ProxyPreparedStatement.java:44)
1. SELECT *
		FROM member
		WHERE id = 1
 {executed in 1 msec}
2020-11-14 23:24:50 [INFO ] jdbc.resultsettable - 
|---|--------------------|--------------------|--------|--------|-----|
|id |regdate             |updatedate          |loginid |loginpw |name |
|---|--------------------|--------------------|--------|--------|-----|
|1  |2020-11-14 23:21:17 |2020-11-14 23:21:17 |test1   |test1   |홍길동  |
|---|--------------------|--------------------|--------|--------|-----|

2020-11-14 23:24:50 [DEBUG] jdbc.sqltiming -  com.zaxxer.hikari.pool.ProxyPreparedStatement.execute(ProxyPreparedStatement.java:44)
1. SELECT *
		FROM member
		WHERE loginId = 'test2'
 {executed in 1 msec}
2020-11-14 23:24:50 [INFO ] jdbc.resultsettable - 
|---|--------------------|--------------------|--------|--------|-----|
|id |regdate             |updatedate          |loginid |loginpw |name |
|---|--------------------|--------------------|--------|--------|-----|
|2  |2020-11-14 23:21:17 |2020-11-14 23:21:17 |test2   |test2   |홍길순  |
|---|--------------------|--------------------|--------|--------|-----|

2020-11-14 23:24:51 [DEBUG] jdbc.sqltiming -  com.zaxxer.hikari.pool.ProxyPreparedStatement.execute(ProxyPreparedStatement.java:44)
1. SELECT *
		FROM member
		WHERE id = 2
 {executed in 1 msec}
2020-11-14 23:24:51 [INFO ] jdbc.resultsettable - 
|---|--------------------|--------------------|--------|--------|-----|
|id |regdate             |updatedate          |loginid |loginpw |name |
|---|--------------------|--------------------|--------|--------|-----|
|2  |2020-11-14 23:21:17 |2020-11-14 23:21:17 |test2   |test2   |홍길순  |
|---|--------------------|--------------------|--------|--------|-----|

2020-11-14 23:24:54 [DEBUG] jdbc.sqltiming -  com.zaxxer.hikari.pool.ProxyPreparedStatement.execute(ProxyPreparedStatement.java:44)
1. SELECT *
		FROM member
		WHERE id = 2
 {executed in 1 msec}
2020-11-14 23:24:54 [INFO ] jdbc.resultsettable - 
|---|--------------------|--------------------|--------|--------|-----|
|id |regdate             |updatedate          |loginid |loginpw |name |
|---|--------------------|--------------------|--------|--------|-----|
|2  |2020-11-14 23:21:17 |2020-11-14 23:21:17 |test2   |test2   |홍길순  |
|---|--------------------|--------------------|--------|--------|-----|

2020-11-14 23:24:55 [DEBUG] jdbc.sqltiming -  com.zaxxer.hikari.pool.ProxyPreparedStatement.execute(ProxyPreparedStatement.java:44)
1. SELECT *
		FROM member
		WHERE id = 2
 {executed in 1 msec}
2020-11-14 23:24:55 [INFO ] jdbc.resultsettable - 
|---|--------------------|--------------------|--------|--------|-----|
|id |regdate             |updatedate          |loginid |loginpw |name |
|---|--------------------|--------------------|--------|--------|-----|
|2  |2020-11-14 23:21:17 |2020-11-14 23:21:17 |test2   |test2   |홍길순  |
|---|--------------------|--------------------|--------|--------|-----|

2020-11-14 23:24:57 [DEBUG] jdbc.sqltiming -  com.zaxxer.hikari.pool.ProxyPreparedStatement.execute(ProxyPreparedStatement.java:44)
1. SELECT *
		FROM member
		WHERE id = 2
 {executed in 1 msec}
2020-11-14 23:24:57 [INFO ] jdbc.resultsettable - 
|---|--------------------|--------------------|--------|--------|-----|
|id |regdate             |updatedate          |loginid |loginpw |name |
|---|--------------------|--------------------|--------|--------|-----|
|2  |2020-11-14 23:21:17 |2020-11-14 23:21:17 |test2   |test2   |홍길순  |
|---|--------------------|--------------------|--------|--------|-----|

2020-11-14 23:24:57 [DEBUG] jdbc.sqltiming -  com.zaxxer.hikari.pool.ProxyPreparedStatement.execute(ProxyPreparedStatement.java:44)
1. SELECT *
		FROM board
		WHERE code = 'free'
 {executed in 0 msec}
2020-11-14 23:24:57 [INFO ] jdbc.resultsettable - 
|---|--------------------|--------------------|-----|-----|
|id |regdate             |updatedate          |name |code |
|---|--------------------|--------------------|-----|-----|
|2  |2020-11-14 23:21:17 |2020-11-14 23:21:17 |자유   |free |
|---|--------------------|--------------------|-----|-----|

2020-11-14 23:24:57 [DEBUG] jdbc.sqltiming -  com.zaxxer.hikari.pool.ProxyPreparedStatement.execute(ProxyPreparedStatement.java:44)
1. SELECT COUNT(*)
		FROM article
		WHERE 1

			AND boardId = 2
 {executed in 1 msec}
2020-11-14 23:24:57 [INFO ] jdbc.resultsettable - 
|---------|
|count(*) |
|---------|
|0        |
|---------|

2020-11-14 23:24:57 [DEBUG] jdbc.sqltiming -  com.zaxxer.hikari.pool.ProxyPreparedStatement.execute(ProxyPreparedStatement.java:44)
1. SELECT A.*,
		M.name AS extra__writer
		FROM article AS A
		INNER JOIN member AS M
		ON A.memberId = M.id
		WHERE 1

			AND A.boardId = 2

		ORDER BY A.id DESC

			LIMIT 0, 10
 {executed in 0 msec}
2020-11-14 23:24:57 [INFO ] jdbc.resultsettable - 
|---|--------|-----------|--------|---------|------|-----|--------------|
|id |regdate |updatedate |boardid |memberid |title |body |extra__writer |
|---|--------|-----------|--------|---------|------|-----|--------------|
|---|--------|-----------|--------|---------|------|-----|--------------|

2020-11-14 23:46:24 [INFO ] o.s.s.c.ThreadPoolTaskExecutor - Shutting down ExecutorService 'applicationTaskExecutor'
2020-11-14 23:46:24 [INFO ] com.zaxxer.hikari.HikariDataSource - HikariPool-1 - Shutdown initiated...
2020-11-14 23:46:24 [INFO ] com.zaxxer.hikari.HikariDataSource - HikariPool-1 - Shutdown completed.
2020-11-14 23:46:24 [INFO ] c.sbs.example.lolHi.LolHiApplication - Starting LolHiApplication on DESKTOP-S799PEG with PID 12252 (C:\work\sts-4.8.0.RELEASE-workspace\lolHi\target\classes started by user in C:\work\sts-4.8.0.RELEASE-workspace\lolHi)
2020-11-14 23:46:24 [INFO ] c.sbs.example.lolHi.LolHiApplication - The following profiles are active: local
2020-11-14 23:46:25 [INFO ] o.s.b.w.e.tomcat.TomcatWebServer - Tomcat initialized with port(s): 8085 (http)
2020-11-14 23:46:25 [INFO ] o.a.coyote.http11.Http11NioProtocol - Initializing ProtocolHandler ["http-nio-8085"]
2020-11-14 23:46:25 [INFO ] o.a.catalina.core.StandardService - Starting service [Tomcat]
2020-11-14 23:46:25 [INFO ] o.a.catalina.core.StandardEngine - Starting Servlet engine: [Apache Tomcat/9.0.38]
2020-11-14 23:46:25 [INFO ] org.apache.jasper.servlet.TldScanner - At least one JAR was scanned for TLDs yet contained no TLDs. Enable debug logging for this logger for a complete list of JARs that were scanned but no TLDs were found in them. Skipping unneeded JARs during scanning can improve startup time and JSP compilation time.
2020-11-14 23:46:25 [INFO ] o.a.c.c.C.[Tomcat].[localhost].[/] - Initializing Spring embedded WebApplicationContext
2020-11-14 23:46:25 [INFO ] o.s.b.w.s.c.ServletWebServerApplicationContext - Root WebApplicationContext: initialization completed in 312 ms
2020-11-14 23:46:25 [INFO ] o.s.s.c.ThreadPoolTaskExecutor - Initializing ExecutorService 'applicationTaskExecutor'
2020-11-14 23:46:25 [INFO ] o.s.b.d.a.OptionalLiveReloadServer - LiveReload server is running on port 35729
2020-11-14 23:46:25 [INFO ] o.a.coyote.http11.Http11NioProtocol - Starting ProtocolHandler ["http-nio-8085"]
2020-11-14 23:46:25 [INFO ] o.s.b.w.e.tomcat.TomcatWebServer - Tomcat started on port(s): 8085 (http) with context path ''
2020-11-14 23:46:25 [INFO ] c.sbs.example.lolHi.LolHiApplication - Started LolHiApplication in 0.513 seconds (JVM running for 1326.2)
2020-11-14 23:46:25 [INFO ] o.s.b.d.a.ConditionEvaluationDeltaLoggingListener - Condition evaluation unchanged
