2020-11-03 20:42:06 [INFO ] c.sbs.example.lolHi.LolHiApplication - Starting LolHiApplication on DESKTOP-S799PEG with PID 3180 (C:\work\sts-4.8.0.RELEASE-workspace\lolHi\target\classes started by user in C:\work\sts-4.8.0.RELEASE-workspace\lolHi)
2020-11-03 20:42:06 [INFO ] c.sbs.example.lolHi.LolHiApplication - The following profiles are active: local
2020-11-03 20:42:06 [INFO ] o.s.b.d.e.DevToolsPropertyDefaultsPostProcessor - Devtools property defaults active! Set 'spring.devtools.add-properties' to 'false' to disable
2020-11-03 20:42:06 [INFO ] o.s.b.d.e.DevToolsPropertyDefaultsPostProcessor - For additional web related logging consider setting the 'logging.level.web' property to 'DEBUG'
2020-11-03 20:42:07 [INFO ] o.s.b.w.e.tomcat.TomcatWebServer - Tomcat initialized with port(s): 8085 (http)
2020-11-03 20:42:07 [INFO ] o.a.coyote.http11.Http11NioProtocol - Initializing ProtocolHandler ["http-nio-8085"]
2020-11-03 20:42:07 [INFO ] o.a.catalina.core.StandardService - Starting service [Tomcat]
2020-11-03 20:42:07 [INFO ] o.a.catalina.core.StandardEngine - Starting Servlet engine: [Apache Tomcat/9.0.38]
2020-11-03 20:42:07 [INFO ] org.apache.jasper.servlet.TldScanner - At least one JAR was scanned for TLDs yet contained no TLDs. Enable debug logging for this logger for a complete list of JARs that were scanned but no TLDs were found in them. Skipping unneeded JARs during scanning can improve startup time and JSP compilation time.
2020-11-03 20:42:07 [INFO ] o.a.c.c.C.[Tomcat].[localhost].[/] - Initializing Spring embedded WebApplicationContext
2020-11-03 20:42:07 [INFO ] o.s.b.w.s.c.ServletWebServerApplicationContext - Root WebApplicationContext: initialization completed in 953 ms
2020-11-03 20:42:07 [INFO ] o.s.s.c.ThreadPoolTaskExecutor - Initializing ExecutorService 'applicationTaskExecutor'
2020-11-03 20:42:07 [INFO ] o.s.b.d.a.OptionalLiveReloadServer - LiveReload server is running on port 35729
2020-11-03 20:42:07 [INFO ] o.a.coyote.http11.Http11NioProtocol - Starting ProtocolHandler ["http-nio-8085"]
2020-11-03 20:42:07 [INFO ] o.s.b.w.e.tomcat.TomcatWebServer - Tomcat started on port(s): 8085 (http) with context path ''
2020-11-03 20:42:07 [INFO ] c.sbs.example.lolHi.LolHiApplication - Started LolHiApplication in 1.747 seconds (JVM running for 2.389)
2020-11-03 20:42:15 [INFO ] o.a.c.c.C.[Tomcat].[localhost].[/] - Initializing Spring DispatcherServlet 'dispatcherServlet'
2020-11-03 20:42:15 [INFO ] o.s.web.servlet.DispatcherServlet - Initializing Servlet 'dispatcherServlet'
2020-11-03 20:42:15 [INFO ] o.s.web.servlet.DispatcherServlet - Completed initialization in 5 ms
2020-11-03 20:42:15 [INFO ] com.zaxxer.hikari.HikariDataSource - HikariPool-1 - Starting...
2020-11-03 20:42:16 [INFO ] com.zaxxer.hikari.HikariDataSource - HikariPool-1 - Start completed.
2020-11-03 20:42:16 [DEBUG] jdbc.sqltiming -  com.zaxxer.hikari.pool.ProxyPreparedStatement.execute(ProxyPreparedStatement.java:44)
1. SELECT COUNT(*)
		FROM article
		WHERE 1
 {executed in 14 msec}
2020-11-03 20:42:16 [INFO ] jdbc.resultsettable - 
|---------|
|count(*) |
|---------|
|2        |
|---------|

2020-11-03 20:42:16 [DEBUG] jdbc.sqltiming -  com.zaxxer.hikari.pool.ProxyPreparedStatement.execute(ProxyPreparedStatement.java:44)
1. SELECT A.*,
		M.name AS extra__writer
		FROM article AS A
		INNER JOIN member AS M
		ON A.memberId = M.id
		WHERE 1

		ORDER BY A.id DESC

			LIMIT 0, 10
 {executed in 4 msec}
2020-11-03 20:42:16 [INFO ] jdbc.resultsettable - 
|---|--------------------|--------------------|---------|------|-----|--------------|
|id |regdate             |updatedate          |memberid |title |body |extra__writer |
|---|--------------------|--------------------|---------|------|-----|--------------|
|2  |2020-11-02 18:53:20 |2020-11-02 18:53:20 |1        |제목2   |내용2  |홍길동           |
|1  |2020-11-02 18:53:20 |2020-11-02 18:53:20 |1        |제목1   |내용1  |홍길동           |
|---|--------------------|--------------------|---------|------|-----|--------------|

2020-11-03 20:42:18 [DEBUG] jdbc.sqltiming -  com.zaxxer.hikari.pool.ProxyPreparedStatement.execute(ProxyPreparedStatement.java:44)
1. SELECT A.*,
		M.name
		AS extra__writer
		FROM article AS A
		INNER JOIN `member` AS M
		ON A.memberId
		= M.id
		WHERE A.id = 2
 {executed in 1 msec}
2020-11-03 20:42:18 [INFO ] jdbc.resultsettable - 
|---|--------------------|--------------------|---------|------|-----|--------------|
|id |regdate             |updatedate          |memberid |title |body |extra__writer |
|---|--------------------|--------------------|---------|------|-----|--------------|
|2  |2020-11-02 18:53:20 |2020-11-02 18:53:20 |1        |제목2   |내용2  |홍길동           |
|---|--------------------|--------------------|---------|------|-----|--------------|

2020-11-03 20:42:18 [DEBUG] jdbc.sqltiming -  com.zaxxer.hikari.pool.ProxyPreparedStatement.execute(ProxyPreparedStatement.java:44)
1. SELECT RE.*,
		M.name AS
		extra__writer
		FROM reply AS RE
		INNER JOIN member AS M
		ON RE.memberId =
		M.id
		WHERE RE.relTypeCode = 'article'
		AND RE.relId = 2
		ORDER
		BY RE.id DESC
 {executed in 2 msec}
2020-11-03 20:42:18 [INFO ] jdbc.resultsettable - 
|---|--------|-----------|-----|---------|------|------------|--------------|
|id |regdate |updatedate |body |memberid |relid |reltypecode |extra__writer |
|---|--------|-----------|-----|---------|------|------------|--------------|
|---|--------|-----------|-----|---------|------|------------|--------------|

2020-11-03 20:42:22 [DEBUG] jdbc.sqltiming -  com.zaxxer.hikari.pool.ProxyPreparedStatement.execute(ProxyPreparedStatement.java:44)
1. SELECT *
		FROM member
		WHERE loginId = 'test1'
 {executed in 1 msec}
2020-11-03 20:42:22 [INFO ] jdbc.resultsettable - 
|---|--------------------|--------------------|--------|--------|-----|
|id |regdate             |updatedate          |loginid |loginpw |name |
|---|--------------------|--------------------|--------|--------|-----|
|1  |2020-11-02 18:53:20 |2020-11-02 18:53:20 |test1   |test1   |홍길동  |
|---|--------------------|--------------------|--------|--------|-----|

2020-11-03 20:42:23 [DEBUG] jdbc.sqltiming -  com.zaxxer.hikari.pool.ProxyPreparedStatement.execute(ProxyPreparedStatement.java:44)
1. SELECT *
		FROM member
		WHERE id = 1
 {executed in 1 msec}
2020-11-03 20:42:23 [INFO ] jdbc.resultsettable - 
|---|--------------------|--------------------|--------|--------|-----|
|id |regdate             |updatedate          |loginid |loginpw |name |
|---|--------------------|--------------------|--------|--------|-----|
|1  |2020-11-02 18:53:20 |2020-11-02 18:53:20 |test1   |test1   |홍길동  |
|---|--------------------|--------------------|--------|--------|-----|

2020-11-03 20:42:23 [DEBUG] jdbc.sqltiming -  com.zaxxer.hikari.pool.ProxyPreparedStatement.execute(ProxyPreparedStatement.java:44)
1. SELECT COUNT(*)
		FROM article
		WHERE 1
 {executed in 2 msec}
2020-11-03 20:42:23 [INFO ] jdbc.resultsettable - 
|---------|
|count(*) |
|---------|
|2        |
|---------|

2020-11-03 20:42:23 [DEBUG] jdbc.sqltiming -  com.zaxxer.hikari.pool.ProxyPreparedStatement.execute(ProxyPreparedStatement.java:44)
1. SELECT A.*,
		M.name AS extra__writer
		FROM article AS A
		INNER JOIN member AS M
		ON A.memberId = M.id
		WHERE 1

		ORDER BY A.id DESC

			LIMIT 0, 10
 {executed in 1 msec}
2020-11-03 20:42:23 [INFO ] jdbc.resultsettable - 
|---|--------------------|--------------------|---------|------|-----|--------------|
|id |regdate             |updatedate          |memberid |title |body |extra__writer |
|---|--------------------|--------------------|---------|------|-----|--------------|
|2  |2020-11-02 18:53:20 |2020-11-02 18:53:20 |1        |제목2   |내용2  |홍길동           |
|1  |2020-11-02 18:53:20 |2020-11-02 18:53:20 |1        |제목1   |내용1  |홍길동           |
|---|--------------------|--------------------|---------|------|-----|--------------|

2020-11-03 20:42:23 [DEBUG] jdbc.sqltiming -  com.zaxxer.hikari.pool.ProxyPreparedStatement.execute(ProxyPreparedStatement.java:44)
1. SELECT *
		FROM member
		WHERE id = 1
 {executed in 1 msec}
2020-11-03 20:42:23 [INFO ] jdbc.resultsettable - 
|---|--------------------|--------------------|--------|--------|-----|
|id |regdate             |updatedate          |loginid |loginpw |name |
|---|--------------------|--------------------|--------|--------|-----|
|1  |2020-11-02 18:53:20 |2020-11-02 18:53:20 |test1   |test1   |홍길동  |
|---|--------------------|--------------------|--------|--------|-----|

2020-11-03 20:42:25 [DEBUG] jdbc.sqltiming -  com.zaxxer.hikari.pool.ProxyPreparedStatement.execute(ProxyPreparedStatement.java:44)
1. SELECT *
		FROM member
		WHERE id = 1
 {executed in 1 msec}
2020-11-03 20:42:25 [INFO ] jdbc.resultsettable - 
|---|--------------------|--------------------|--------|--------|-----|
|id |regdate             |updatedate          |loginid |loginpw |name |
|---|--------------------|--------------------|--------|--------|-----|
|1  |2020-11-02 18:53:20 |2020-11-02 18:53:20 |test1   |test1   |홍길동  |
|---|--------------------|--------------------|--------|--------|-----|

2020-11-03 20:42:25 [DEBUG] jdbc.sqltiming -  com.zaxxer.hikari.pool.ProxyPreparedStatement.execute(ProxyPreparedStatement.java:44)
1. SELECT A.*,
		M.name
		AS extra__writer
		FROM article AS A
		INNER JOIN `member` AS M
		ON A.memberId
		= M.id
		WHERE A.id = 1
 {executed in 0 msec}
2020-11-03 20:42:25 [INFO ] jdbc.resultsettable - 
|---|--------------------|--------------------|---------|------|-----|--------------|
|id |regdate             |updatedate          |memberid |title |body |extra__writer |
|---|--------------------|--------------------|---------|------|-----|--------------|
|1  |2020-11-02 18:53:20 |2020-11-02 18:53:20 |1        |제목1   |내용1  |홍길동           |
|---|--------------------|--------------------|---------|------|-----|--------------|

2020-11-03 20:42:25 [DEBUG] jdbc.sqltiming -  com.zaxxer.hikari.pool.ProxyPreparedStatement.execute(ProxyPreparedStatement.java:44)
1. SELECT RE.*,
		M.name AS
		extra__writer
		FROM reply AS RE
		INNER JOIN member AS M
		ON RE.memberId =
		M.id
		WHERE RE.relTypeCode = 'article'
		AND RE.relId = 1
		ORDER
		BY RE.id DESC
 {executed in 0 msec}
2020-11-03 20:42:25 [INFO ] jdbc.resultsettable - 
|---|--------------------|--------------------|-----|---------|------|------------|--------------|
|id |regdate             |updatedate          |body |memberid |relid |reltypecode |extra__writer |
|---|--------------------|--------------------|-----|---------|------|------------|--------------|
|5  |2020-11-02 18:53:36 |2020-11-02 18:53:36 |dd   |1        |1     |article     |홍길동           |
|4  |2020-11-02 18:53:20 |2020-11-02 18:53:20 |댓글 4 |2        |1     |article     |홍길순           |
|3  |2020-11-02 18:53:20 |2020-11-02 18:53:20 |댓글 3 |1        |1     |article     |홍길동           |
|2  |2020-11-02 18:53:20 |2020-11-02 18:53:20 |댓글 2 |1        |1     |article     |홍길동           |
|1  |2020-11-02 18:53:20 |2020-11-02 18:53:20 |댓글 1 |1        |1     |article     |홍길동           |
|---|--------------------|--------------------|-----|---------|------|------------|--------------|

2020-11-03 20:42:26 [DEBUG] jdbc.sqltiming -  com.zaxxer.hikari.pool.ProxyPreparedStatement.execute(ProxyPreparedStatement.java:44)
1. SELECT *
		FROM member
		WHERE id = 1
 {executed in 1 msec}
2020-11-03 20:42:26 [INFO ] jdbc.resultsettable - 
|---|--------------------|--------------------|--------|--------|-----|
|id |regdate             |updatedate          |loginid |loginpw |name |
|---|--------------------|--------------------|--------|--------|-----|
|1  |2020-11-02 18:53:20 |2020-11-02 18:53:20 |test1   |test1   |홍길동  |
|---|--------------------|--------------------|--------|--------|-----|

2020-11-03 20:42:26 [DEBUG] jdbc.sqltiming -  com.zaxxer.hikari.pool.ProxyPreparedStatement.execute(ProxyPreparedStatement.java:44)
1. INSERT INTO reply
		 SET regDate = NOW(),
			updateDate = NOW(),

				relTypeCode = 'article',

				relId = '1',

				`body` = 'dd',

				`memberId` = 1
 {executed in 18 msec}
2020-11-03 20:42:26 [DEBUG] jdbc.sqltiming -  com.zaxxer.hikari.pool.ProxyStatement.getGeneratedKeys(ProxyStatement.java:230)
1. getGeneratedKeys on query: INSERT INTO reply
		 SET regDate = NOW(),
			updateDate = NOW(),

				relTypeCode = 'article',

				relId = '1',

				`body` = 'dd',

				`memberId` = 1
 {executed in 0 msec}
2020-11-03 20:42:26 [INFO ] jdbc.resultsettable - 
|--------------|
|generated_key |
|--------------|
|7             |
|--------------|

2020-11-03 20:42:27 [DEBUG] jdbc.sqltiming -  com.zaxxer.hikari.pool.ProxyPreparedStatement.execute(ProxyPreparedStatement.java:44)
1. SELECT *
		FROM member
		WHERE id = 1
 {executed in 1 msec}
2020-11-03 20:42:27 [INFO ] jdbc.resultsettable - 
|---|--------------------|--------------------|--------|--------|-----|
|id |regdate             |updatedate          |loginid |loginpw |name |
|---|--------------------|--------------------|--------|--------|-----|
|1  |2020-11-02 18:53:20 |2020-11-02 18:53:20 |test1   |test1   |홍길동  |
|---|--------------------|--------------------|--------|--------|-----|

2020-11-03 20:42:27 [DEBUG] jdbc.sqltiming -  com.zaxxer.hikari.pool.ProxyPreparedStatement.execute(ProxyPreparedStatement.java:44)
1. SELECT A.*,
		M.name
		AS extra__writer
		FROM article AS A
		INNER JOIN `member` AS M
		ON A.memberId
		= M.id
		WHERE A.id = 1
 {executed in 1 msec}
2020-11-03 20:42:27 [INFO ] jdbc.resultsettable - 
|---|--------------------|--------------------|---------|------|-----|--------------|
|id |regdate             |updatedate          |memberid |title |body |extra__writer |
|---|--------------------|--------------------|---------|------|-----|--------------|
|1  |2020-11-02 18:53:20 |2020-11-02 18:53:20 |1        |제목1   |내용1  |홍길동           |
|---|--------------------|--------------------|---------|------|-----|--------------|

2020-11-03 20:42:27 [DEBUG] jdbc.sqltiming -  com.zaxxer.hikari.pool.ProxyPreparedStatement.execute(ProxyPreparedStatement.java:44)
1. SELECT RE.*,
		M.name AS
		extra__writer
		FROM reply AS RE
		INNER JOIN member AS M
		ON RE.memberId =
		M.id
		WHERE RE.relTypeCode = 'article'
		AND RE.relId = 1
		ORDER
		BY RE.id DESC
 {executed in 0 msec}
2020-11-03 20:42:27 [INFO ] jdbc.resultsettable - 
|---|--------------------|--------------------|-----|---------|------|------------|--------------|
|id |regdate             |updatedate          |body |memberid |relid |reltypecode |extra__writer |
|---|--------------------|--------------------|-----|---------|------|------------|--------------|
|7  |2020-11-03 20:42:26 |2020-11-03 20:42:26 |dd   |1        |1     |article     |홍길동           |
|5  |2020-11-02 18:53:36 |2020-11-02 18:53:36 |dd   |1        |1     |article     |홍길동           |
|4  |2020-11-02 18:53:20 |2020-11-02 18:53:20 |댓글 4 |2        |1     |article     |홍길순           |
|3  |2020-11-02 18:53:20 |2020-11-02 18:53:20 |댓글 3 |1        |1     |article     |홍길동           |
|2  |2020-11-02 18:53:20 |2020-11-02 18:53:20 |댓글 2 |1        |1     |article     |홍길동           |
|1  |2020-11-02 18:53:20 |2020-11-02 18:53:20 |댓글 1 |1        |1     |article     |홍길동           |
|---|--------------------|--------------------|-----|---------|------|------------|--------------|

2020-11-03 20:43:18 [INFO ] o.s.b.a.SpringApplicationAdminMXBeanRegistrar$SpringApplicationAdmin - Application shutdown requested.
2020-11-03 20:43:18 [INFO ] o.s.s.c.ThreadPoolTaskExecutor - Shutting down ExecutorService 'applicationTaskExecutor'
2020-11-03 20:43:18 [INFO ] com.zaxxer.hikari.HikariDataSource - HikariPool-1 - Shutdown initiated...
2020-11-03 20:43:18 [INFO ] com.zaxxer.hikari.HikariDataSource - HikariPool-1 - Shutdown completed.
