2020-10-17 19:56:42 [INFO ] c.sbs.example.lolHi.LolHiApplication - Starting LolHiApplication on DESKTOP-S799PEG with PID 2260 (C:\work\sts-4.8.0.RELEASE-workspace\lolHi\target\classes started by user in C:\work\sts-4.8.0.RELEASE-workspace\lolHi)
2020-10-17 19:56:42 [INFO ] c.sbs.example.lolHi.LolHiApplication - The following profiles are active: local
2020-10-17 19:56:42 [INFO ] o.s.b.d.e.DevToolsPropertyDefaultsPostProcessor - Devtools property defaults active! Set 'spring.devtools.add-properties' to 'false' to disable
2020-10-17 19:56:42 [INFO ] o.s.b.d.e.DevToolsPropertyDefaultsPostProcessor - For additional web related logging consider setting the 'logging.level.web' property to 'DEBUG'
2020-10-17 19:56:42 [INFO ] o.s.b.w.e.tomcat.TomcatWebServer - Tomcat initialized with port(s): 8085 (http)
2020-10-17 19:56:42 [INFO ] o.a.coyote.http11.Http11NioProtocol - Initializing ProtocolHandler ["http-nio-8085"]
2020-10-17 19:56:42 [INFO ] o.a.catalina.core.StandardService - Starting service [Tomcat]
2020-10-17 19:56:42 [INFO ] o.a.catalina.core.StandardEngine - Starting Servlet engine: [Apache Tomcat/9.0.38]
2020-10-17 19:56:43 [INFO ] org.apache.jasper.servlet.TldScanner - At least one JAR was scanned for TLDs yet contained no TLDs. Enable debug logging for this logger for a complete list of JARs that were scanned but no TLDs were found in them. Skipping unneeded JARs during scanning can improve startup time and JSP compilation time.
2020-10-17 19:56:43 [INFO ] o.a.c.c.C.[Tomcat].[localhost].[/] - Initializing Spring embedded WebApplicationContext
2020-10-17 19:56:43 [INFO ] o.s.b.w.s.c.ServletWebServerApplicationContext - Root WebApplicationContext: initialization completed in 1001 ms
2020-10-17 19:56:43 [INFO ] o.s.s.c.ThreadPoolTaskExecutor - Initializing ExecutorService 'applicationTaskExecutor'
2020-10-17 19:56:43 [INFO ] o.s.b.d.a.OptionalLiveReloadServer - LiveReload server is running on port 35729
2020-10-17 19:56:43 [INFO ] o.a.coyote.http11.Http11NioProtocol - Starting ProtocolHandler ["http-nio-8085"]
2020-10-17 19:56:43 [INFO ] o.s.b.w.e.tomcat.TomcatWebServer - Tomcat started on port(s): 8085 (http) with context path ''
2020-10-17 19:56:43 [INFO ] c.sbs.example.lolHi.LolHiApplication - Started LolHiApplication in 2.057 seconds (JVM running for 2.768)
2020-10-17 19:56:43 [INFO ] o.a.c.c.C.[Tomcat].[localhost].[/] - Initializing Spring DispatcherServlet 'dispatcherServlet'
2020-10-17 19:56:43 [INFO ] o.s.web.servlet.DispatcherServlet - Initializing Servlet 'dispatcherServlet'
2020-10-17 19:56:43 [INFO ] o.s.web.servlet.DispatcherServlet - Completed initialization in 4 ms
2020-10-17 19:56:43 [INFO ] com.zaxxer.hikari.HikariDataSource - HikariPool-1 - Starting...
2020-10-17 19:56:44 [INFO ] com.zaxxer.hikari.HikariDataSource - HikariPool-1 - Start completed.
2020-10-17 19:56:44 [DEBUG] jdbc.sqltiming -  com.zaxxer.hikari.pool.ProxyPreparedStatement.execute(ProxyPreparedStatement.java:44)
1. SELECT *
		FROM article
		ORDER BY id DESC

			LIMIT 0, 10
 {executed in 13 msec}
2020-10-17 19:56:44 [INFO ] jdbc.resultsettable - 
|---|--------------------|--------------------|------|-----|
|id |regdate             |updatedate          |title |body |
|---|--------------------|--------------------|------|-----|
|31 |2020-10-11 19:24:10 |2020-10-11 19:24:10 |제목    |내용   |
|30 |2020-10-11 19:24:09 |2020-10-11 19:24:09 |제목    |내용   |
|29 |2020-10-11 19:24:08 |2020-10-11 19:24:08 |제목    |내용   |
|28 |2020-10-11 19:24:08 |2020-10-11 19:24:08 |제목    |내용   |
|27 |2020-10-11 19:24:07 |2020-10-11 19:24:07 |제목    |내용   |
|26 |2020-10-11 19:24:06 |2020-10-11 19:24:06 |제목    |내용   |
|25 |2020-10-11 19:24:05 |2020-10-11 19:24:05 |제목    |내용   |
|24 |2020-10-11 19:24:04 |2020-10-11 19:24:04 |제목    |내용   |
|23 |2020-10-11 19:24:03 |2020-10-11 19:24:03 |제목    |내용   |
|22 |2020-10-11 19:24:02 |2020-10-11 19:24:02 |제목    |내용   |
|---|--------------------|--------------------|------|-----|

2020-10-17 19:56:47 [DEBUG] jdbc.sqltiming -  com.zaxxer.hikari.pool.ProxyPreparedStatement.execute(ProxyPreparedStatement.java:44)
1. DELETE FROM article
		WHERE id = 31
 {executed in 29 msec}
2020-10-17 19:56:48 [DEBUG] jdbc.sqltiming -  com.zaxxer.hikari.pool.ProxyPreparedStatement.execute(ProxyPreparedStatement.java:44)
1. SELECT *
		FROM article
		ORDER BY id DESC

			LIMIT 0, 10
 {executed in 1 msec}
2020-10-17 19:56:48 [INFO ] jdbc.resultsettable - 
|---|--------------------|--------------------|------|-----|
|id |regdate             |updatedate          |title |body |
|---|--------------------|--------------------|------|-----|
|30 |2020-10-11 19:24:09 |2020-10-11 19:24:09 |제목    |내용   |
|29 |2020-10-11 19:24:08 |2020-10-11 19:24:08 |제목    |내용   |
|28 |2020-10-11 19:24:08 |2020-10-11 19:24:08 |제목    |내용   |
|27 |2020-10-11 19:24:07 |2020-10-11 19:24:07 |제목    |내용   |
|26 |2020-10-11 19:24:06 |2020-10-11 19:24:06 |제목    |내용   |
|25 |2020-10-11 19:24:05 |2020-10-11 19:24:05 |제목    |내용   |
|24 |2020-10-11 19:24:04 |2020-10-11 19:24:04 |제목    |내용   |
|23 |2020-10-11 19:24:03 |2020-10-11 19:24:03 |제목    |내용   |
|22 |2020-10-11 19:24:02 |2020-10-11 19:24:02 |제목    |내용   |
|21 |2020-10-11 19:24:01 |2020-10-11 19:24:01 |제목    |내용   |
|---|--------------------|--------------------|------|-----|

2020-10-17 20:02:04 [INFO ] o.s.s.c.ThreadPoolTaskExecutor - Shutting down ExecutorService 'applicationTaskExecutor'
2020-10-17 20:02:04 [INFO ] com.zaxxer.hikari.HikariDataSource - HikariPool-1 - Shutdown initiated...
2020-10-17 20:02:04 [INFO ] com.zaxxer.hikari.HikariDataSource - HikariPool-1 - Shutdown completed.
2020-10-17 20:02:04 [INFO ] c.sbs.example.lolHi.LolHiApplication - Starting LolHiApplication on DESKTOP-S799PEG with PID 2260 (C:\work\sts-4.8.0.RELEASE-workspace\lolHi\target\classes started by user in C:\work\sts-4.8.0.RELEASE-workspace\lolHi)
2020-10-17 20:02:04 [INFO ] c.sbs.example.lolHi.LolHiApplication - The following profiles are active: local
2020-10-17 20:02:04 [INFO ] o.s.b.w.e.tomcat.TomcatWebServer - Tomcat initialized with port(s): 8085 (http)
2020-10-17 20:02:04 [INFO ] o.a.coyote.http11.Http11NioProtocol - Initializing ProtocolHandler ["http-nio-8085"]
2020-10-17 20:02:04 [INFO ] o.a.catalina.core.StandardService - Starting service [Tomcat]
2020-10-17 20:02:04 [INFO ] o.a.catalina.core.StandardEngine - Starting Servlet engine: [Apache Tomcat/9.0.38]
2020-10-17 20:02:04 [INFO ] org.apache.jasper.servlet.TldScanner - At least one JAR was scanned for TLDs yet contained no TLDs. Enable debug logging for this logger for a complete list of JARs that were scanned but no TLDs were found in them. Skipping unneeded JARs during scanning can improve startup time and JSP compilation time.
2020-10-17 20:02:04 [INFO ] o.a.c.c.C.[Tomcat].[localhost].[/] - Initializing Spring embedded WebApplicationContext
2020-10-17 20:02:04 [INFO ] o.s.b.w.s.c.ServletWebServerApplicationContext - Root WebApplicationContext: initialization completed in 262 ms
2020-10-17 20:02:04 [INFO ] o.s.s.c.ThreadPoolTaskExecutor - Initializing ExecutorService 'applicationTaskExecutor'
2020-10-17 20:02:04 [INFO ] o.s.b.d.a.OptionalLiveReloadServer - LiveReload server is running on port 35729
2020-10-17 20:02:04 [INFO ] o.a.coyote.http11.Http11NioProtocol - Starting ProtocolHandler ["http-nio-8085"]
2020-10-17 20:02:04 [INFO ] o.s.b.w.e.tomcat.TomcatWebServer - Tomcat started on port(s): 8085 (http) with context path ''
2020-10-17 20:02:04 [INFO ] c.sbs.example.lolHi.LolHiApplication - Started LolHiApplication in 0.439 seconds (JVM running for 323.839)
2020-10-17 20:02:04 [INFO ] o.s.b.d.a.ConditionEvaluationDeltaLoggingListener - Condition evaluation unchanged
2020-10-17 20:02:49 [INFO ] o.s.s.c.ThreadPoolTaskExecutor - Shutting down ExecutorService 'applicationTaskExecutor'
2020-10-17 20:02:49 [INFO ] c.sbs.example.lolHi.LolHiApplication - Starting LolHiApplication on DESKTOP-S799PEG with PID 2260 (C:\work\sts-4.8.0.RELEASE-workspace\lolHi\target\classes started by user in C:\work\sts-4.8.0.RELEASE-workspace\lolHi)
2020-10-17 20:02:49 [INFO ] c.sbs.example.lolHi.LolHiApplication - The following profiles are active: local
2020-10-17 20:02:49 [INFO ] o.s.b.w.e.tomcat.TomcatWebServer - Tomcat initialized with port(s): 8085 (http)
2020-10-17 20:02:49 [INFO ] o.a.coyote.http11.Http11NioProtocol - Initializing ProtocolHandler ["http-nio-8085"]
2020-10-17 20:02:49 [INFO ] o.a.catalina.core.StandardService - Starting service [Tomcat]
2020-10-17 20:02:49 [INFO ] o.a.catalina.core.StandardEngine - Starting Servlet engine: [Apache Tomcat/9.0.38]
2020-10-17 20:02:49 [INFO ] org.apache.jasper.servlet.TldScanner - At least one JAR was scanned for TLDs yet contained no TLDs. Enable debug logging for this logger for a complete list of JARs that were scanned but no TLDs were found in them. Skipping unneeded JARs during scanning can improve startup time and JSP compilation time.
2020-10-17 20:02:49 [INFO ] o.a.c.c.C.[Tomcat].[localhost].[/] - Initializing Spring embedded WebApplicationContext
2020-10-17 20:02:49 [INFO ] o.s.b.w.s.c.ServletWebServerApplicationContext - Root WebApplicationContext: initialization completed in 251 ms
2020-10-17 20:02:49 [INFO ] o.s.s.c.ThreadPoolTaskExecutor - Initializing ExecutorService 'applicationTaskExecutor'
2020-10-17 20:02:49 [INFO ] o.s.b.d.a.OptionalLiveReloadServer - LiveReload server is running on port 35729
2020-10-17 20:02:49 [INFO ] o.a.coyote.http11.Http11NioProtocol - Starting ProtocolHandler ["http-nio-8085"]
2020-10-17 20:02:49 [INFO ] o.s.b.w.e.tomcat.TomcatWebServer - Tomcat started on port(s): 8085 (http) with context path ''
2020-10-17 20:02:49 [INFO ] c.sbs.example.lolHi.LolHiApplication - Started LolHiApplication in 0.416 seconds (JVM running for 368.951)
2020-10-17 20:02:49 [INFO ] o.s.b.d.a.ConditionEvaluationDeltaLoggingListener - Condition evaluation unchanged
2020-10-17 20:03:05 [INFO ] o.s.s.c.ThreadPoolTaskExecutor - Shutting down ExecutorService 'applicationTaskExecutor'
2020-10-17 20:03:05 [INFO ] c.sbs.example.lolHi.LolHiApplication - Starting LolHiApplication on DESKTOP-S799PEG with PID 2260 (C:\work\sts-4.8.0.RELEASE-workspace\lolHi\target\classes started by user in C:\work\sts-4.8.0.RELEASE-workspace\lolHi)
2020-10-17 20:03:05 [INFO ] c.sbs.example.lolHi.LolHiApplication - The following profiles are active: local
2020-10-17 20:03:05 [INFO ] o.s.b.w.e.tomcat.TomcatWebServer - Tomcat initialized with port(s): 8085 (http)
2020-10-17 20:03:05 [INFO ] o.a.coyote.http11.Http11NioProtocol - Initializing ProtocolHandler ["http-nio-8085"]
2020-10-17 20:03:05 [INFO ] o.a.catalina.core.StandardService - Starting service [Tomcat]
2020-10-17 20:03:05 [INFO ] o.a.catalina.core.StandardEngine - Starting Servlet engine: [Apache Tomcat/9.0.38]
2020-10-17 20:03:05 [INFO ] org.apache.jasper.servlet.TldScanner - At least one JAR was scanned for TLDs yet contained no TLDs. Enable debug logging for this logger for a complete list of JARs that were scanned but no TLDs were found in them. Skipping unneeded JARs during scanning can improve startup time and JSP compilation time.
2020-10-17 20:03:05 [INFO ] o.a.c.c.C.[Tomcat].[localhost].[/] - Initializing Spring embedded WebApplicationContext
2020-10-17 20:03:05 [INFO ] o.s.b.w.s.c.ServletWebServerApplicationContext - Root WebApplicationContext: initialization completed in 230 ms
2020-10-17 20:03:05 [INFO ] o.s.s.c.ThreadPoolTaskExecutor - Initializing ExecutorService 'applicationTaskExecutor'
2020-10-17 20:03:05 [INFO ] o.s.b.d.a.OptionalLiveReloadServer - LiveReload server is running on port 35729
2020-10-17 20:03:05 [INFO ] o.a.coyote.http11.Http11NioProtocol - Starting ProtocolHandler ["http-nio-8085"]
2020-10-17 20:03:05 [INFO ] o.s.b.w.e.tomcat.TomcatWebServer - Tomcat started on port(s): 8085 (http) with context path ''
2020-10-17 20:03:05 [INFO ] c.sbs.example.lolHi.LolHiApplication - Started LolHiApplication in 0.38 seconds (JVM running for 384.88)
2020-10-17 20:03:05 [INFO ] o.s.b.d.a.ConditionEvaluationDeltaLoggingListener - Condition evaluation unchanged
2020-10-17 20:03:26 [INFO ] o.a.c.c.C.[Tomcat].[localhost].[/] - Initializing Spring DispatcherServlet 'dispatcherServlet'
2020-10-17 20:03:26 [INFO ] o.s.web.servlet.DispatcherServlet - Initializing Servlet 'dispatcherServlet'
2020-10-17 20:03:26 [INFO ] o.s.web.servlet.DispatcherServlet - Completed initialization in 5 ms
2020-10-17 20:03:26 [INFO ] com.zaxxer.hikari.HikariDataSource - HikariPool-2 - Starting...
2020-10-17 20:03:26 [INFO ] com.zaxxer.hikari.HikariDataSource - HikariPool-2 - Start completed.
2020-10-17 20:03:26 [DEBUG] jdbc.sqltiming -  com.zaxxer.hikari.pool.ProxyPreparedStatement.execute(ProxyPreparedStatement.java:44)
11. SELECT *
		FROM article
		ORDER BY id DESC

			LIMIT 0, 10
 {executed in 2 msec}
2020-10-17 20:03:26 [INFO ] jdbc.resultsettable - 
|---|--------------------|--------------------|------|-----|
|id |regdate             |updatedate          |title |body |
|---|--------------------|--------------------|------|-----|
|30 |2020-10-11 19:24:09 |2020-10-11 19:24:09 |제목    |내용   |
|29 |2020-10-11 19:24:08 |2020-10-11 19:24:08 |제목    |내용   |
|28 |2020-10-11 19:24:08 |2020-10-11 19:24:08 |제목    |내용   |
|27 |2020-10-11 19:24:07 |2020-10-11 19:24:07 |제목    |내용   |
|26 |2020-10-11 19:24:06 |2020-10-11 19:24:06 |제목    |내용   |
|25 |2020-10-11 19:24:05 |2020-10-11 19:24:05 |제목    |내용   |
|24 |2020-10-11 19:24:04 |2020-10-11 19:24:04 |제목    |내용   |
|23 |2020-10-11 19:24:03 |2020-10-11 19:24:03 |제목    |내용   |
|22 |2020-10-11 19:24:02 |2020-10-11 19:24:02 |제목    |내용   |
|21 |2020-10-11 19:24:01 |2020-10-11 19:24:01 |제목    |내용   |
|---|--------------------|--------------------|------|-----|

2020-10-17 20:04:01 [DEBUG] jdbc.sqltiming -  com.zaxxer.hikari.pool.ProxyPreparedStatement.execute(ProxyPreparedStatement.java:44)
11. SELECT *
		FROM article
		ORDER BY id DESC

			LIMIT 0, 10
 {executed in 0 msec}
2020-10-17 20:04:01 [INFO ] jdbc.resultsettable - 
|---|--------------------|--------------------|------|-----|
|id |regdate             |updatedate          |title |body |
|---|--------------------|--------------------|------|-----|
|30 |2020-10-11 19:24:09 |2020-10-11 19:24:09 |제목    |내용   |
|29 |2020-10-11 19:24:08 |2020-10-11 19:24:08 |제목    |내용   |
|28 |2020-10-11 19:24:08 |2020-10-11 19:24:08 |제목    |내용   |
|27 |2020-10-11 19:24:07 |2020-10-11 19:24:07 |제목    |내용   |
|26 |2020-10-11 19:24:06 |2020-10-11 19:24:06 |제목    |내용   |
|25 |2020-10-11 19:24:05 |2020-10-11 19:24:05 |제목    |내용   |
|24 |2020-10-11 19:24:04 |2020-10-11 19:24:04 |제목    |내용   |
|23 |2020-10-11 19:24:03 |2020-10-11 19:24:03 |제목    |내용   |
|22 |2020-10-11 19:24:02 |2020-10-11 19:24:02 |제목    |내용   |
|21 |2020-10-11 19:24:01 |2020-10-11 19:24:01 |제목    |내용   |
|---|--------------------|--------------------|------|-----|

2020-10-17 20:04:08 [INFO ] c.sbs.example.lolHi.LolHiApplication - Starting LolHiApplication on DESKTOP-S799PEG with PID 6124 (C:\work\sts-4.8.0.RELEASE-workspace\lolHi\target\classes started by user in C:\work\sts-4.8.0.RELEASE-workspace\lolHi)
2020-10-17 20:04:08 [INFO ] c.sbs.example.lolHi.LolHiApplication - The following profiles are active: local
2020-10-17 20:04:08 [INFO ] o.s.b.d.e.DevToolsPropertyDefaultsPostProcessor - Devtools property defaults active! Set 'spring.devtools.add-properties' to 'false' to disable
2020-10-17 20:04:08 [INFO ] o.s.b.d.e.DevToolsPropertyDefaultsPostProcessor - For additional web related logging consider setting the 'logging.level.web' property to 'DEBUG'
2020-10-17 20:04:08 [INFO ] o.s.s.c.ThreadPoolTaskExecutor - Shutting down ExecutorService 'applicationTaskExecutor'
2020-10-17 20:04:08 [INFO ] com.zaxxer.hikari.HikariDataSource - HikariPool-2 - Shutdown initiated...
2020-10-17 20:04:08 [INFO ] com.zaxxer.hikari.HikariDataSource - HikariPool-2 - Shutdown completed.
2020-10-17 20:04:08 [INFO ] c.sbs.example.lolHi.LolHiApplication - Starting LolHiApplication on DESKTOP-S799PEG with PID 2260 (C:\work\sts-4.8.0.RELEASE-workspace\lolHi\target\classes started by user in C:\work\sts-4.8.0.RELEASE-workspace\lolHi)
2020-10-17 20:04:08 [INFO ] c.sbs.example.lolHi.LolHiApplication - The following profiles are active: local
2020-10-17 20:04:08 [INFO ] o.s.b.w.e.tomcat.TomcatWebServer - Tomcat initialized with port(s): 8085 (http)
2020-10-17 20:04:08 [INFO ] o.a.coyote.http11.Http11NioProtocol - Initializing ProtocolHandler ["http-nio-8085"]
2020-10-17 20:04:08 [INFO ] o.a.catalina.core.StandardService - Starting service [Tomcat]
2020-10-17 20:04:08 [INFO ] o.a.catalina.core.StandardEngine - Starting Servlet engine: [Apache Tomcat/9.0.38]
2020-10-17 20:04:08 [INFO ] org.apache.jasper.servlet.TldScanner - At least one JAR was scanned for TLDs yet contained no TLDs. Enable debug logging for this logger for a complete list of JARs that were scanned but no TLDs were found in them. Skipping unneeded JARs during scanning can improve startup time and JSP compilation time.
2020-10-17 20:04:08 [INFO ] o.a.c.c.C.[Tomcat].[localhost].[/] - Initializing Spring embedded WebApplicationContext
2020-10-17 20:04:08 [INFO ] o.s.b.w.s.c.ServletWebServerApplicationContext - Root WebApplicationContext: initialization completed in 257 ms
2020-10-17 20:04:09 [INFO ] o.s.s.c.ThreadPoolTaskExecutor - Initializing ExecutorService 'applicationTaskExecutor'
2020-10-17 20:04:09 [INFO ] o.s.b.d.a.OptionalLiveReloadServer - LiveReload server is running on port 35729
2020-10-17 20:04:09 [INFO ] o.a.coyote.http11.Http11NioProtocol - Starting ProtocolHandler ["http-nio-8085"]
2020-10-17 20:04:09 [INFO ] o.s.b.w.e.tomcat.TomcatWebServer - Tomcat started on port(s): 8085 (http) with context path ''
2020-10-17 20:04:09 [INFO ] c.sbs.example.lolHi.LolHiApplication - Started LolHiApplication in 0.435 seconds (JVM running for 448.085)
2020-10-17 20:04:09 [INFO ] o.s.b.d.a.ConditionEvaluationDeltaLoggingListener - Condition evaluation unchanged
2020-10-17 20:04:09 [INFO ] o.s.b.w.e.tomcat.TomcatWebServer - Tomcat initialized with port(s): 8085 (http)
2020-10-17 20:04:09 [INFO ] o.a.coyote.http11.Http11NioProtocol - Initializing ProtocolHandler ["http-nio-8085"]
2020-10-17 20:04:09 [INFO ] o.a.catalina.core.StandardService - Starting service [Tomcat]
2020-10-17 20:04:09 [INFO ] o.a.catalina.core.StandardEngine - Starting Servlet engine: [Apache Tomcat/9.0.38]
2020-10-17 20:04:09 [INFO ] org.apache.jasper.servlet.TldScanner - At least one JAR was scanned for TLDs yet contained no TLDs. Enable debug logging for this logger for a complete list of JARs that were scanned but no TLDs were found in them. Skipping unneeded JARs during scanning can improve startup time and JSP compilation time.
2020-10-17 20:04:09 [INFO ] o.a.c.c.C.[Tomcat].[localhost].[/] - Initializing Spring embedded WebApplicationContext
2020-10-17 20:04:09 [INFO ] o.s.b.w.s.c.ServletWebServerApplicationContext - Root WebApplicationContext: initialization completed in 1071 ms
2020-10-17 20:04:09 [INFO ] o.s.s.c.ThreadPoolTaskExecutor - Initializing ExecutorService 'applicationTaskExecutor'
2020-10-17 20:04:09 [WARN ] o.s.b.d.a.OptionalLiveReloadServer - Unable to start LiveReload server
2020-10-17 20:04:09 [INFO ] o.a.coyote.http11.Http11NioProtocol - Starting ProtocolHandler ["http-nio-8085"]
2020-10-17 20:04:09 [WARN ] o.s.b.w.s.c.AnnotationConfigServletWebServerApplicationContext - Exception encountered during context initialization - cancelling refresh attempt: org.springframework.context.ApplicationContextException: Failed to start bean 'webServerStartStop'; nested exception is org.springframework.boot.web.server.PortInUseException: Port 8085 is already in use
2020-10-17 20:04:09 [INFO ] o.s.s.c.ThreadPoolTaskExecutor - Shutting down ExecutorService 'applicationTaskExecutor'
2020-10-17 20:04:09 [INFO ] o.a.coyote.http11.Http11NioProtocol - Pausing ProtocolHandler ["http-nio-8085"]
2020-10-17 20:04:09 [INFO ] o.a.catalina.core.StandardService - Stopping service [Tomcat]
2020-10-17 20:04:09 [INFO ] o.a.coyote.http11.Http11NioProtocol - Stopping ProtocolHandler ["http-nio-8085"]
2020-10-17 20:04:09 [INFO ] o.a.coyote.http11.Http11NioProtocol - Destroying ProtocolHandler ["http-nio-8085"]
2020-10-17 20:04:10 [INFO ] o.s.b.a.l.ConditionEvaluationReportLoggingListener - 

Error starting ApplicationContext. To display the conditions report re-run your application with 'debug' enabled.
2020-10-17 20:04:10 [ERROR] o.s.b.d.LoggingFailureAnalysisReporter - 

***************************
APPLICATION FAILED TO START
***************************

Description:

Web server failed to start. Port 8085 was already in use.

Action:

Identify and stop the process that's listening on port 8085 or configure this application to listen on another port.

2020-10-17 20:04:15 [INFO ] o.a.c.c.C.[Tomcat].[localhost].[/] - Initializing Spring DispatcherServlet 'dispatcherServlet'
2020-10-17 20:04:15 [INFO ] o.s.web.servlet.DispatcherServlet - Initializing Servlet 'dispatcherServlet'
2020-10-17 20:04:15 [INFO ] o.s.web.servlet.DispatcherServlet - Completed initialization in 2 ms
2020-10-17 20:04:15 [INFO ] com.zaxxer.hikari.HikariDataSource - HikariPool-3 - Starting...
2020-10-17 20:04:15 [INFO ] com.zaxxer.hikari.HikariDataSource - HikariPool-3 - Start completed.
2020-10-17 20:04:15 [DEBUG] jdbc.sqltiming -  com.zaxxer.hikari.pool.ProxyPreparedStatement.execute(ProxyPreparedStatement.java:44)
21. SELECT *
		FROM article
		ORDER BY id DESC

			LIMIT 0, 10
 {executed in 1 msec}
2020-10-17 20:04:15 [INFO ] jdbc.resultsettable - 
|---|--------------------|--------------------|------|-----|
|id |regdate             |updatedate          |title |body |
|---|--------------------|--------------------|------|-----|
|30 |2020-10-11 19:24:09 |2020-10-11 19:24:09 |제목    |내용   |
|29 |2020-10-11 19:24:08 |2020-10-11 19:24:08 |제목    |내용   |
|28 |2020-10-11 19:24:08 |2020-10-11 19:24:08 |제목    |내용   |
|27 |2020-10-11 19:24:07 |2020-10-11 19:24:07 |제목    |내용   |
|26 |2020-10-11 19:24:06 |2020-10-11 19:24:06 |제목    |내용   |
|25 |2020-10-11 19:24:05 |2020-10-11 19:24:05 |제목    |내용   |
|24 |2020-10-11 19:24:04 |2020-10-11 19:24:04 |제목    |내용   |
|23 |2020-10-11 19:24:03 |2020-10-11 19:24:03 |제목    |내용   |
|22 |2020-10-11 19:24:02 |2020-10-11 19:24:02 |제목    |내용   |
|21 |2020-10-11 19:24:01 |2020-10-11 19:24:01 |제목    |내용   |
|---|--------------------|--------------------|------|-----|

2020-10-17 20:04:15 [DEBUG] jdbc.sqltiming -  com.zaxxer.hikari.pool.ProxyPreparedStatement.execute(ProxyPreparedStatement.java:44)
21. SELECT COUNT(*)
		FROM article
 {executed in 2 msec}
2020-10-17 20:04:15 [INFO ] jdbc.resultsettable - 
|---------|
|count(*) |
|---------|
|29       |
|---------|

2020-10-17 20:05:38 [INFO ] o.s.b.a.SpringApplicationAdminMXBeanRegistrar$SpringApplicationAdmin - Application shutdown requested.
2020-10-17 20:05:38 [INFO ] o.s.s.c.ThreadPoolTaskExecutor - Shutting down ExecutorService 'applicationTaskExecutor'
2020-10-17 20:05:38 [INFO ] com.zaxxer.hikari.HikariDataSource - HikariPool-3 - Shutdown initiated...
2020-10-17 20:05:38 [INFO ] com.zaxxer.hikari.HikariDataSource - HikariPool-3 - Shutdown completed.
